2023-06-23 13:08:47.046 [info] Log level: Info
2023-06-23 13:08:47.046 [info] Validating found git in: "git"
2023-06-23 13:08:47.046 [info] Using git "2.17.1" from "git"
2023-06-23 13:08:47.047 [info] > git rev-parse --show-toplevel [130ms]
2023-06-23 13:08:47.047 [info] fatal: not a git repository (or any of the parent directories): .git
2023-06-23 13:08:47.047 [info] > git rev-parse --show-toplevel [14ms]
2023-06-23 13:08:47.047 [info] > git rev-parse --git-dir --git-common-dir [20ms]
2023-06-23 13:08:47.047 [info] Open repository: /home/nvidia/jetson-inference/python/training/classification
2023-06-23 13:08:47.047 [info] > git rev-parse --show-toplevel [20ms]
2023-06-23 13:08:47.047 [info] fatal: not a git repository (or any of the parent directories): .git
2023-06-23 13:08:47.047 [info] > git config --get commit.template [18ms]
2023-06-23 13:08:47.047 [info] > git rev-parse --show-toplevel [7ms]
2023-06-23 13:08:47.047 [info] fatal: not a git repository (or any of the parent directories): .git
2023-06-23 13:08:47.047 [info] > git rev-parse --show-toplevel [17ms]
2023-06-23 13:08:47.047 [info] fatal: not a git repository (or any of the parent directories): .git
2023-06-23 13:08:47.047 [info] > git rev-parse --show-toplevel [11ms]
2023-06-23 13:08:47.047 [info] fatal: not a git repository (or any of the parent directories): .git
2023-06-23 13:08:47.047 [info] > git for-each-ref --format %(refname) %(objectname) %(*objectname) refs/tags [38ms]
2023-06-23 13:08:47.047 [info] > git rev-parse --show-toplevel [18ms]
2023-06-23 13:08:47.047 [info] fatal: not a git repository (or any of the parent directories): .git
2023-06-23 13:08:47.050 [info] > git status -z -uall [20ms]
2023-06-23 13:08:47.180 [info] > git rev-parse --show-toplevel [135ms]
2023-06-23 13:08:47.181 [info] fatal: not a git repository (or any of the parent directories): .git
2023-06-23 13:08:47.222 [info] > git rev-parse --show-toplevel [9ms]
2023-06-23 13:08:47.222 [info] fatal: not a git repository (or any of the parent directories): .git
2023-06-23 13:08:47.254 [info] > git config --get commit.template [73ms]
2023-06-23 13:08:47.308 [info] > git for-each-ref --format %(refname) %(objectname) %(*objectname) refs/tags [25ms]
2023-06-23 13:08:47.324 [info] > git rev-parse --show-toplevel [75ms]
2023-06-23 13:08:47.324 [info] fatal: not a git repository (or any of the parent directories): .git
2023-06-23 13:08:47.340 [info] > git status -z -uall [18ms]
2023-06-23 13:08:47.349 [info] > git rev-parse --show-toplevel [12ms]
2023-06-23 13:08:47.349 [info] fatal: not a git repository (or any of the parent directories): .git
2023-06-23 13:08:47.366 [info] > git rev-parse --show-toplevel [4ms]
2023-06-23 13:08:47.366 [info] fatal: not a git repository (or any of the parent directories): .git
2023-06-23 13:08:47.381 [info] > git rev-parse --show-toplevel [4ms]
2023-06-23 13:08:47.381 [info] fatal: not a git repository (or any of the parent directories): .git
2023-06-23 13:08:47.398 [info] > git rev-parse --show-toplevel [4ms]
2023-06-23 13:08:47.398 [info] fatal: not a git repository (or any of the parent directories): .git
2023-06-23 13:08:47.419 [info] > git rev-parse --show-toplevel [8ms]
2023-06-23 13:08:47.419 [info] fatal: not a git repository (or any of the parent directories): .git
2023-06-23 13:08:47.438 [info] > git rev-parse --show-toplevel [8ms]
2023-06-23 13:08:47.439 [info] fatal: not a git repository (or any of the parent directories): .git
2023-06-23 13:08:47.453 [info] > git rev-parse --show-toplevel [3ms]
2023-06-23 13:08:47.453 [info] fatal: not a git repository (or any of the parent directories): .git
2023-06-23 13:08:47.469 [info] > git rev-parse --show-toplevel [3ms]
2023-06-23 13:08:47.469 [info] fatal: not a git repository (or any of the parent directories): .git
2023-06-23 13:08:47.487 [info] > git rev-parse --show-toplevel [6ms]
2023-06-23 13:08:47.503 [info] > git rev-parse --git-dir --git-common-dir [4ms]
2023-06-23 13:08:47.517 [info] Open repository: /home/nvidia/jetson-inference
2023-06-23 13:08:47.551 [info] > git rev-parse --show-toplevel [20ms]
2023-06-23 13:08:47.551 [info] fatal: not a git repository (or any of the parent directories): .git
2023-06-23 13:08:47.572 [info] > git config --get commit.template [29ms]
2023-06-23 13:08:47.588 [info] > git rev-parse --show-toplevel [18ms]
2023-06-23 13:08:47.588 [info] fatal: not a git repository (or any of the parent directories): .git
2023-06-23 13:08:47.604 [info] > git rev-parse --show-toplevel [5ms]
2023-06-23 13:08:47.605 [info] fatal: not a git repository (or any of the parent directories): .git
2023-06-23 13:08:47.638 [info] > git rev-parse --show-toplevel [18ms]
2023-06-23 13:08:47.650 [info] > git for-each-ref --format=%(refname)%00%(upstream:short)%00%(objectname)%00%(upstream:track)%00%(upstream:remotename)%00%(upstream:remoteref) refs/heads/master refs/remotes/master [66ms]
2023-06-23 13:08:47.669 [info] > git rev-parse --show-toplevel [19ms]
2023-06-23 13:08:47.669 [info] fatal: not a git repository (or any of the parent directories): .git
2023-06-23 13:08:47.715 [info] > git show --textconv :data/labels.txt [21ms]
2023-06-23 13:08:47.720 [info] > git ls-files --stage -- /home/nvidia/jetson-inference/python/training/classification/data/labels.txt [8ms]
2023-06-23 13:08:48.272 [info] > git check-ignore -v -z --stdin [23ms]
2023-06-23 13:08:48.278 [info] > git check-ignore -v -z --stdin [14ms]
2023-06-23 13:08:49.671 [info] > git status -z -uall [2008ms]
2023-06-23 13:08:49.773 [info] > git config --get commit.template [73ms]
2023-06-23 13:08:49.775 [info] > git for-each-ref --format=%(refname)%00%(upstream:short)%00%(objectname)%00%(upstream:track)%00%(upstream:remotename)%00%(upstream:remoteref) refs/heads/master refs/remotes/master [4ms]
2023-06-23 13:08:50.199 [info] > git rev-parse --show-toplevel [4ms]
2023-06-23 13:08:50.214 [info] > git rev-parse --git-dir --git-common-dir [3ms]
2023-06-23 13:08:50.228 [info] Open repository: /home/nvidia/jetson-inference/utils
2023-06-23 13:08:50.268 [info] > git rev-parse --show-toplevel [15ms]
2023-06-23 13:08:50.284 [info] > git config --get commit.template [18ms]
2023-06-23 13:08:50.298 [info] > git rev-parse --git-dir --git-common-dir [18ms]
2023-06-23 13:08:50.315 [info] Open repository: /home/nvidia/jetson-inference/tools/camera-capture
2023-06-23 13:08:50.345 [info] > git rev-parse --show-toplevel [18ms]
2023-06-23 13:08:50.359 [info] > git for-each-ref --format %(refname) %(objectname) %(*objectname) refs/tags [64ms]
2023-06-23 13:08:50.408 [info] > git rev-parse --git-dir --git-common-dir [50ms]
2023-06-23 13:08:50.430 [info] Open repository: /home/nvidia/jetson-inference/python/training/detection
2023-06-23 13:08:50.465 [info] > git config --get commit.template [123ms]
2023-06-23 13:08:50.501 [info] > git status -z -uall [97ms]
2023-06-23 13:08:50.518 [info] > git rev-parse --show-toplevel [54ms]
2023-06-23 13:08:50.550 [info] > git status -z -uall [763ms]
2023-06-23 13:08:50.551 [info] > git for-each-ref --format %(refname) %(objectname) %(*objectname) refs/tags [52ms]
2023-06-23 13:08:50.572 [info] > git config --get commit.template [87ms]
2023-06-23 13:08:50.586 [info] > git status -z -uall [23ms]
2023-06-23 13:08:50.601 [info] > git config --get commit.template [52ms]
2023-06-23 13:08:50.601 [info] > git rev-parse --git-dir --git-common-dir [71ms]
2023-06-23 13:08:50.613 [info] Open repository: /home/nvidia/jetson-inference/python/training/segmentation
2023-06-23 13:08:50.673 [info] > git for-each-ref --format %(refname) %(objectname) %(*objectname) refs/tags [90ms]
2023-06-23 13:08:50.711 [info] > git status -z -uall [21ms]
2023-06-23 13:08:50.711 [info] > git config --get commit.template [52ms]
2023-06-23 13:08:50.712 [info] > git config --get commit.template [66ms]
2023-06-23 13:08:50.712 [info] > git rev-parse --show-toplevel [80ms]
2023-06-23 13:08:50.728 [info] > git for-each-ref --format %(refname) %(objectname) %(*objectname) refs/tags [20ms]
2023-06-23 13:08:50.807 [info] > git status -z -uall [67ms]
2023-06-23 13:08:50.808 [info] > git rev-parse --git-dir --git-common-dir [84ms]
2023-06-23 13:08:50.822 [info] Open repository: /home/nvidia/jetson-inference/c/plugins/pose
2023-06-23 13:08:50.854 [info] > git rev-parse --show-toplevel [18ms]
2023-06-23 13:08:50.867 [info] > git config --get commit.template [60ms]
2023-06-23 13:08:50.867 [info] > git for-each-ref --format %(refname) %(objectname) %(*objectname) refs/tags [77ms]
2023-06-23 13:08:50.883 [info] > git for-each-ref --format %(refname) %(objectname) %(*objectname) refs/tags [105ms]
2023-06-23 13:08:50.909 [info] > git status -z -uall [27ms]
2023-06-23 13:08:50.909 [info] > git status -z -uall [10ms]
2023-06-23 13:08:50.926 [info] > git rev-parse --git-dir --git-common-dir [60ms]
2023-06-23 13:08:50.938 [info] Open repository: /home/nvidia/jetson-inference/docker/containers
2023-06-23 13:08:50.951 [info] > git config --get commit.template [100ms]
2023-06-23 13:08:50.993 [info] > git rev-parse --show-toplevel [42ms]
2023-06-23 13:08:51.028 [info] > git rev-parse --git-dir --git-common-dir [20ms]
2023-06-23 13:08:51.049 [info] Open repository: /home/nvidia/jetson-inference/ros
2023-06-23 13:08:51.051 [info] > git config --get commit.template [59ms]
2023-06-23 13:08:51.051 [info] > git config --get commit.template [73ms]
2023-06-23 13:08:51.052 [info] > git for-each-ref --format %(refname) %(objectname) %(*objectname) refs/tags [88ms]
2023-06-23 13:08:51.108 [info] > git status -z -uall [45ms]
2023-06-23 13:08:51.108 [info] > git check-ignore -v -z --stdin [31ms]
2023-06-23 13:08:51.109 [info] > git check-ignore -v -z --stdin [18ms]
2023-06-23 13:08:51.114 [info] > git for-each-ref --format %(refname) %(objectname) %(*objectname) refs/tags [90ms]
2023-06-23 13:08:51.158 [info] > git config --get commit.template [53ms]
2023-06-23 13:08:51.161 [info] > git status -z -uall [35ms]
2023-06-23 13:08:51.161 [info] > git for-each-ref --format %(refname) %(objectname) %(*objectname) refs/tags [5ms]
2023-06-23 13:08:51.175 [info] > git for-each-ref --format %(refname) %(objectname) %(*objectname) refs/tags [33ms]
2023-06-23 13:08:51.241 [info] > git status -z -uall [66ms]
2023-06-23 13:08:51.241 [info] > git status -z -uall [54ms]
2023-06-23 13:08:51.269 [info] > git config --get commit.template [38ms]
2023-06-23 13:08:51.270 [info] > git for-each-ref --format %(refname) %(objectname) %(*objectname) refs/tags [51ms]
2023-06-23 13:08:51.286 [info] > git config --get commit.template [19ms]
2023-06-23 13:08:51.319 [info] > git status -z -uall [36ms]
2023-06-23 13:08:51.344 [info] > git for-each-ref --format %(refname) %(objectname) %(*objectname) refs/tags [27ms]
2023-06-23 13:08:51.357 [info] > git for-each-ref --format %(refname) %(objectname) %(*objectname) refs/tags [54ms]
2023-06-23 13:08:51.374 [info] > git status -z -uall [17ms]
2023-06-23 13:08:51.378 [info] > git config --get commit.template [35ms]
2023-06-23 13:08:51.396 [info] > git status -z -uall [25ms]
2023-06-23 13:08:51.402 [info] > git for-each-ref --format %(refname) %(objectname) %(*objectname) refs/tags [8ms]
2023-06-23 13:08:51.425 [info] > git status -z -uall [10ms]
2023-06-23 13:08:51.628 [info] > git rev-parse --show-toplevel [3ms]
2023-06-23 13:08:51.645 [info] > git rev-parse --git-dir --git-common-dir [4ms]
2023-06-23 13:08:51.659 [info] Open repository: /home/nvidia/jetson-inference/python/training/detection/ssd
2023-06-23 13:08:51.687 [info] > git config --get commit.template [14ms]
2023-06-23 13:08:51.704 [info] > git for-each-ref --format %(refname) %(objectname) %(*objectname) refs/tags [4ms]
2023-06-23 13:08:51.746 [info] > git status -z -uall [30ms]
2023-06-23 13:08:51.773 [info] > git check-ignore -v -z --stdin [43ms]
2023-06-23 13:08:51.775 [info] > git check-ignore -v -z --stdin [32ms]
2023-06-23 13:08:51.780 [info] > git config --get commit.template [9ms]
2023-06-23 13:08:51.804 [info] > git for-each-ref --format %(refname) %(objectname) %(*objectname) refs/tags [11ms]
2023-06-23 13:08:51.827 [info] > git status -z -uall [11ms]
2023-06-23 13:08:52.332 [info] > git check-ignore -v -z --stdin [3ms]
2023-06-23 13:08:52.336 [info] > git check-ignore -v -z --stdin [19ms]
2023-06-23 13:09:39.331 [info] > git check-ignore -v -z --stdin [2ms]
2023-06-23 13:09:40.360 [info] > git check-ignore -v -z --stdin [4ms]
2023-06-23 13:09:42.489 [info] > git check-ignore -v -z --stdin [63ms]
2023-06-23 13:09:42.490 [info] > git check-ignore -v -z --stdin [54ms]
2023-06-23 13:09:42.491 [info] > git check-ignore -v -z --stdin [44ms]
2023-06-23 13:09:42.492 [info] > git check-ignore -v -z --stdin [30ms]
2023-06-23 13:09:42.493 [info] > git check-ignore -v -z --stdin [20ms]
2023-06-23 13:09:42.495 [info] > git check-ignore -v -z --stdin [11ms]
2023-06-23 13:09:48.739 [info] > git check-ignore -v -z --stdin [2ms]
2023-06-23 13:09:49.913 [info] > git check-ignore -v -z --stdin [3ms]
2023-06-23 13:09:51.994 [info] > git check-ignore -v -z --stdin [2ms]
2023-06-23 13:09:53.629 [info] > git check-ignore -v -z --stdin [3ms]
2023-06-23 13:09:56.453 [info] > git check-ignore -v -z --stdin [2ms]
2023-06-23 13:09:57.535 [info] > git check-ignore -v -z --stdin [4ms]
2023-06-23 13:10:01.253 [info] > git check-ignore -v -z --stdin [2ms]
2023-06-23 13:10:05.990 [info] > git check-ignore -v -z --stdin [3ms]
2023-06-23 13:10:12.327 [info] > git check-ignore -v -z --stdin [2ms]
2023-06-23 13:10:16.236 [info] > git check-ignore -v -z --stdin [3ms]
2023-06-23 13:10:20.692 [info] > git check-ignore -v -z --stdin [2ms]
2023-06-23 13:10:24.446 [info] > git check-ignore -v -z --stdin [2ms]
2023-06-23 13:10:28.924 [info] > git check-ignore -v -z --stdin [4ms]
2023-06-23 13:12:36.160 [info] > git check-ignore -v -z --stdin [3ms]
2023-06-23 13:12:37.595 [info] > git check-ignore -v -z --stdin [2ms]
2023-06-23 13:12:39.873 [info] > git check-ignore -v -z --stdin [3ms]
2023-06-23 13:12:41.318 [info] > git check-ignore -v -z --stdin [3ms]
2023-06-23 13:12:45.146 [info] > git check-ignore -v -z --stdin [3ms]
2023-06-23 13:12:47.095 [info] > git check-ignore -v -z --stdin [2ms]
2023-06-23 13:12:48.895 [info] > git check-ignore -v -z --stdin [3ms]
2023-06-23 13:12:50.559 [info] > git check-ignore -v -z --stdin [2ms]
2023-06-23 13:13:03.880 [info] > git check-ignore -v -z --stdin [2ms]
2023-06-23 13:13:06.459 [info] > git check-ignore -v -z --stdin [2ms]
2023-06-23 13:13:11.249 [info] > git check-ignore -v -z --stdin [2ms]
2023-06-23 13:13:15.158 [info] > git check-ignore -v -z --stdin [2ms]
2023-06-23 13:13:17.390 [info] > git check-ignore -v -z --stdin [3ms]
2023-06-23 13:13:21.029 [info] > git check-ignore -v -z --stdin [2ms]
2023-06-23 13:13:23.224 [info] > git check-ignore -v -z --stdin [3ms]
2023-06-23 13:13:28.049 [info] > git check-ignore -v -z --stdin [5ms]
2023-06-23 13:13:28.774 [info] > git check-ignore -v -z --stdin [3ms]
2023-06-23 13:13:34.917 [info] > git check-ignore -v -z --stdin [3ms]
2023-06-23 13:13:42.940 [info] > git check-ignore -v -z --stdin [3ms]
2023-06-23 13:14:22.370 [info] > git check-ignore -v -z --stdin [3ms]
2023-06-23 13:14:23.686 [info] > git check-ignore -v -z --stdin [2ms]
2023-06-23 13:14:28.464 [info] > git check-ignore -v -z --stdin [2ms]
2023-06-23 13:14:30.694 [info] > git check-ignore -v -z --stdin [2ms]
2023-06-23 13:14:31.811 [info] > git check-ignore -v -z --stdin [2ms]
2023-06-23 13:14:32.507 [info] > git check-ignore -v -z --stdin [2ms]
2023-06-23 13:14:42.731 [info] > git check-ignore -v -z --stdin [3ms]
2023-06-23 13:14:43.407 [info] > git check-ignore -v -z --stdin [3ms]
2023-06-23 13:14:47.219 [info] > git check-ignore -v -z --stdin [3ms]
2023-06-23 13:14:48.999 [info] > git check-ignore -v -z --stdin [4ms]
2023-06-23 13:14:50.734 [info] > git check-ignore -v -z --stdin [3ms]
2023-06-23 13:14:54.892 [info] > git check-ignore -v -z --stdin [3ms]
2023-06-23 13:14:56.485 [info] > git check-ignore -v -z --stdin [3ms]
2023-06-23 13:14:58.623 [info] > git check-ignore -v -z --stdin [2ms]
2023-06-23 13:16:46.442 [info] > git check-ignore -v -z --stdin [3ms]
2023-06-23 13:16:48.574 [info] > git check-ignore -v -z --stdin [3ms]
2023-06-23 13:22:29.714 [info] > git check-ignore -v -z --stdin [2ms]
2023-06-23 13:22:34.800 [info] > git check-ignore -v -z --stdin [3ms]
2023-06-23 13:22:36.497 [info] > git check-ignore -v -z --stdin [3ms]
2023-06-23 13:22:37.774 [info] > git check-ignore -v -z --stdin [2ms]
2023-06-23 13:22:38.996 [info] > git check-ignore -v -z --stdin [3ms]
2023-06-23 13:28:33.488 [info] > git check-ignore -v -z --stdin [4ms]
2023-06-23 13:36:54.976 [info] > git check-ignore -v -z --stdin [22ms]
2023-06-23 13:37:33.378 [info] > git config --get commit.template [15ms]
2023-06-23 13:37:33.410 [info] > git for-each-ref --format %(refname) %(objectname) %(*objectname) refs/tags [18ms]
2023-06-23 13:37:33.425 [info] > git config --get commit.template [49ms]
2023-06-23 13:37:33.428 [info] > git for-each-ref --format=%(refname)%00%(upstream:short)%00%(objectname)%00%(upstream:track)%00%(upstream:remotename)%00%(upstream:remoteref) refs/heads/master refs/remotes/master [19ms]
2023-06-23 13:37:33.452 [info] > git status -z -uall [28ms]
2023-06-23 13:37:33.509 [info] > git check-ignore -v -z --stdin [2ms]
2023-06-23 13:37:35.335 [info] > git status -z -uall [1891ms]
2023-06-23 13:43:08.016 [info] > git config --get commit.template [35ms]
2023-06-23 13:43:08.017 [info] > git config --get commit.template [36ms]
2023-06-23 13:43:08.030 [info] > git for-each-ref --format %(refname) %(objectname) %(*objectname) refs/tags [29ms]
2023-06-23 13:43:08.066 [info] > git for-each-ref --format=%(refname)%00%(upstream:short)%00%(objectname)%00%(upstream:track)%00%(upstream:remotename)%00%(upstream:remoteref) refs/heads/master refs/remotes/master [38ms]
2023-06-23 13:43:08.121 [info] > git status -z -uall [80ms]
2023-06-23 13:43:09.948 [info] > git status -z -uall [1870ms]
2023-06-23 13:52:04.841 [info] > git show --textconv :train.py [1146ms]
2023-06-23 13:52:04.845 [info] > git ls-files --stage -- /home/nvidia/jetson-inference/python/training/classification/train.py [1136ms]
2023-06-23 13:52:04.875 [info] > git cat-file -s d9f81a57b9f6e3eb67ecd4a3f4298a0163766774 [14ms]
