2023-06-21 14:20:39.283 [info] Log level: Info
2023-06-21 14:20:39.283 [info] Validating found git in: "git"
2023-06-21 14:20:39.283 [info] Using git "2.17.1" from "git"
2023-06-21 14:20:39.283 [info] > git rev-parse --show-toplevel [124ms]
2023-06-21 14:20:39.283 [info] fatal: not a git repository (or any of the parent directories): .git
2023-06-21 14:20:39.283 [info] > git rev-parse --show-toplevel [11ms]
2023-06-21 14:20:39.283 [info] fatal: not a git repository (or any of the parent directories): .git
2023-06-21 14:20:39.283 [info] > git rev-parse --show-toplevel [5ms]
2023-06-21 14:20:39.283 [info] fatal: not a git repository (or any of the parent directories): .git
2023-06-21 14:20:39.283 [info] > git rev-parse --show-toplevel [107ms]
2023-06-21 14:20:39.284 [info] fatal: not a git repository (or any of the parent directories): .git
2023-06-21 14:20:39.284 [info] > git rev-parse --show-toplevel [16ms]
2023-06-21 14:20:39.284 [info] fatal: not a git repository (or any of the parent directories): .git
2023-06-21 14:20:39.284 [info] > git rev-parse --show-toplevel [40ms]
2023-06-21 14:20:39.284 [info] fatal: not a git repository (or any of the parent directories): .git
2023-06-21 14:20:39.284 [info] > git rev-parse --show-toplevel [3ms]
2023-06-21 14:20:39.284 [info] fatal: not a git repository (or any of the parent directories): .git
2023-06-21 14:20:39.284 [info] > git rev-parse --show-toplevel [42ms]
2023-06-21 14:20:39.284 [info] fatal: not a git repository (or any of the parent directories): .git
2023-06-21 14:20:39.284 [info] > git rev-parse --show-toplevel [4ms]
2023-06-21 14:20:39.284 [info] fatal: not a git repository (or any of the parent directories): .git
2023-06-21 14:20:39.284 [info] > git rev-parse --show-toplevel [10ms]
2023-06-21 14:20:39.284 [info] fatal: not a git repository (or any of the parent directories): .git
2023-06-21 14:20:39.284 [info] > git rev-parse --show-toplevel [2ms]
2023-06-21 14:20:39.284 [info] fatal: not a git repository (or any of the parent directories): .git
2023-06-21 14:20:39.284 [info] > git rev-parse --show-toplevel [4ms]
2023-06-21 14:20:39.284 [info] fatal: not a git repository (or any of the parent directories): .git
2023-06-21 14:20:39.284 [info] > git rev-parse --show-toplevel [5ms]
2023-06-21 14:20:39.284 [info] fatal: not a git repository (or any of the parent directories): .git
2023-06-21 14:20:39.284 [info] > git rev-parse --show-toplevel [3ms]
2023-06-21 14:20:39.284 [info] fatal: not a git repository (or any of the parent directories): .git
2023-06-21 14:20:39.284 [info] > git rev-parse --show-toplevel [5ms]
2023-06-21 14:20:39.284 [info] fatal: not a git repository (or any of the parent directories): .git
2023-06-21 14:20:39.284 [info] > git rev-parse --show-toplevel [11ms]
2023-06-21 14:20:39.284 [info] fatal: not a git repository (or any of the parent directories): .git
2023-06-21 14:20:39.284 [info] > git rev-parse --show-toplevel [3ms]
2023-06-21 14:20:39.284 [info] fatal: not a git repository (or any of the parent directories): .git
2023-06-21 14:20:39.284 [info] > git rev-parse --show-toplevel [5ms]
2023-06-21 14:20:39.284 [info] > git rev-parse --git-dir --git-common-dir [3ms]
2023-06-21 14:20:39.284 [info] Open repository: /home/nvidia/jetson-inference
2023-06-21 14:20:39.284 [info] > git config --get commit.template [26ms]
2023-06-21 14:20:39.284 [info] > git rev-parse --show-toplevel [117ms]
2023-06-21 14:20:39.284 [info] fatal: not a git repository (or any of the parent directories): .git
2023-06-21 14:20:39.284 [info] > git for-each-ref --format=%(refname)%00%(upstream:short)%00%(objectname)%00%(upstream:track)%00%(upstream:remotename)%00%(upstream:remoteref) refs/heads/master refs/remotes/master [103ms]
2023-06-21 14:20:39.284 [info] > git rev-parse --show-toplevel [22ms]
2023-06-21 14:20:39.284 [info] fatal: not a git repository (or any of the parent directories): .git
2023-06-21 14:20:39.507 [info] > git check-ignore -v -z --stdin [7ms]
2023-06-21 14:20:39.665 [info] > git rev-parse --show-toplevel [10ms]
2023-06-21 14:20:39.665 [info] fatal: not a git repository (or any of the parent directories): .git
2023-06-21 14:20:39.696 [info] > git rev-parse --show-toplevel [2ms]
2023-06-21 14:20:39.696 [info] fatal: not a git repository (or any of the parent directories): .git
2023-06-21 14:20:40.983 [info] > git status -z -uall [1910ms]
2023-06-21 14:20:41.037 [info] > git config --get commit.template [13ms]
2023-06-21 14:20:41.039 [info] > git for-each-ref --format=%(refname)%00%(upstream:short)%00%(objectname)%00%(upstream:track)%00%(upstream:remotename)%00%(upstream:remoteref) refs/heads/master refs/remotes/master [5ms]
2023-06-21 14:20:41.515 [info] > git rev-parse --show-toplevel [3ms]
2023-06-21 14:20:41.529 [info] > git rev-parse --git-dir --git-common-dir [2ms]
2023-06-21 14:20:41.544 [info] Open repository: /home/nvidia/jetson-inference/utils
2023-06-21 14:20:41.573 [info] > git rev-parse --show-toplevel [16ms]
2023-06-21 14:20:41.586 [info] > git config --get commit.template [15ms]
2023-06-21 14:20:41.599 [info] > git rev-parse --git-dir --git-common-dir [16ms]
2023-06-21 14:20:41.616 [info] Open repository: /home/nvidia/jetson-inference/tools/camera-capture
2023-06-21 14:20:41.649 [info] > git for-each-ref --format %(refname) %(objectname) %(*objectname) refs/tags [52ms]
2023-06-21 14:20:41.664 [info] > git config --get commit.template [16ms]
2023-06-21 14:20:41.665 [info] > git rev-parse --show-toplevel [37ms]
2023-06-21 14:20:41.697 [info] > git rev-parse --git-dir --git-common-dir [20ms]
2023-06-21 14:20:41.712 [info] Open repository: /home/nvidia/jetson-inference/python/training/classification
2023-06-21 14:20:41.740 [info] > git status -z -uall [690ms]
2023-06-21 14:20:41.740 [info] > git status -z -uall [81ms]
2023-06-21 14:20:41.741 [info] > git rev-parse --show-toplevel [16ms]
2023-06-21 14:20:41.767 [info] > git for-each-ref --format %(refname) %(objectname) %(*objectname) refs/tags [73ms]
2023-06-21 14:20:41.810 [info] > git status -z -uall [33ms]
2023-06-21 14:20:41.826 [info] > git rev-parse --git-dir --git-common-dir [75ms]
2023-06-21 14:20:41.839 [info] Open repository: /home/nvidia/jetson-inference/python/training/detection
2023-06-21 14:20:41.854 [info] > git config --get commit.template [116ms]
2023-06-21 14:20:41.883 [info] > git config --get commit.template [84ms]
2023-06-21 14:20:41.898 [info] > git config --get commit.template [16ms]
2023-06-21 14:20:41.899 [info] > git config --get commit.template [30ms]
2023-06-21 14:20:41.899 [info] > git rev-parse --show-toplevel [46ms]
2023-06-21 14:20:41.923 [info] > git for-each-ref --format %(refname) %(objectname) %(*objectname) refs/tags [28ms]
2023-06-21 14:20:41.961 [info] > git status -z -uall [27ms]
2023-06-21 14:20:41.961 [info] > git for-each-ref --format %(refname) %(objectname) %(*objectname) refs/tags [40ms]
2023-06-22 13:12:06.232 [info] > git rev-parse --git-dir --git-common-dir [82284321ms]
2023-06-22 13:12:06.271 [info] Open repository: /home/nvidia/jetson-inference/python/training/segmentation
2023-06-22 13:12:06.303 [info] > git for-each-ref --format %(refname) %(objectname) %(*objectname) refs/tags [82284345ms]
2023-06-22 13:12:06.322 [info] > git for-each-ref --format %(refname) %(objectname) %(*objectname) refs/tags [82284377ms]
2023-06-22 13:12:06.403 [info] > git status -z -uall [172ms]
2023-06-22 13:12:06.404 [info] > git status -z -uall [82ms]
2023-06-22 13:12:06.405 [info] > git status -z -uall [58ms]
2023-06-22 13:12:06.430 [info] > git config --get commit.template [128ms]
2023-06-22 13:12:06.437 [info] > git rev-parse --show-toplevel [150ms]
2023-06-22 13:12:06.484 [info] > git rev-parse --git-dir --git-common-dir [33ms]
2023-06-22 13:12:06.498 [info] Open repository: /home/nvidia/jetson-inference/c/plugins/pose
2023-06-22 13:12:06.511 [info] > git config --get commit.template [113ms]
2023-06-22 13:12:06.575 [info] > git check-ignore -v -z --stdin [107ms]
2023-06-22 13:12:06.579 [info] > git config --get commit.template [98ms]
2023-06-22 13:12:06.597 [info] > git config --get commit.template [26ms]
2023-06-22 13:12:06.598 [info] > git for-each-ref --format %(refname) %(objectname) %(*objectname) refs/tags [43ms]
2023-06-22 13:12:06.612 [info] > git rev-parse --show-toplevel [100ms]
2023-06-22 13:12:06.682 [info] > git status -z -uall [73ms]
2023-06-22 13:12:06.740 [info] > git for-each-ref --format %(refname) %(objectname) %(*objectname) refs/tags [146ms]
2023-06-22 13:12:06.782 [info] > git for-each-ref --format %(refname) %(objectname) %(*objectname) refs/tags [111ms]
2023-06-22 13:12:06.798 [info] > git rev-parse --git-dir --git-common-dir [169ms]
2023-06-22 13:12:06.823 [info] Open repository: /home/nvidia/jetson-inference/docker/containers
2023-06-22 13:12:06.853 [info] > git status -z -uall [102ms]
2023-06-22 13:12:06.853 [info] > git status -z -uall [56ms]
2023-06-22 13:12:06.854 [info] > git rev-parse --show-toplevel [19ms]
2023-06-22 13:12:06.871 [info] > git config --get commit.template [91ms]
2023-06-22 13:12:06.871 [info] > git for-each-ref --format %(refname) %(objectname) %(*objectname) refs/tags [104ms]
2023-06-22 13:12:06.890 [info] > git status -z -uall [8ms]
2023-06-22 13:12:06.891 [info] > git rev-parse --git-dir --git-common-dir [26ms]
2023-06-22 13:12:06.910 [info] Open repository: /home/nvidia/jetson-inference/ros
2023-06-22 13:12:06.912 [info] > git config --get commit.template [62ms]
2023-06-22 13:12:06.973 [info] > git config --get commit.template [38ms]
2023-06-22 13:12:06.974 [info] > git for-each-ref --format %(refname) %(objectname) %(*objectname) refs/tags [50ms]
2023-06-22 13:12:06.988 [info] > git config --get commit.template [17ms]
2023-06-22 13:12:06.988 [info] > git for-each-ref --format %(refname) %(objectname) %(*objectname) refs/tags [30ms]
2023-06-22 13:12:07.024 [info] > git status -z -uall [40ms]
2023-06-22 13:12:07.025 [info] > git status -z -uall [25ms]
2023-06-22 13:12:07.080 [info] > git for-each-ref --format %(refname) %(objectname) %(*objectname) refs/tags [37ms]
2023-06-22 13:12:07.092 [info] > git for-each-ref --format %(refname) %(objectname) %(*objectname) refs/tags [68ms]
2023-06-22 13:12:07.105 [info] > git status -z -uall [14ms]
2023-06-22 13:12:07.110 [info] > git config --get commit.template [32ms]
2023-06-22 13:12:07.111 [info] > git status -z -uall [8ms]
2023-06-22 13:12:07.150 [info] > git for-each-ref --format %(refname) %(objectname) %(*objectname) refs/tags [15ms]
2023-06-22 13:12:07.181 [info] > git status -z -uall [18ms]
2023-06-22 13:12:07.185 [info] > git config --get commit.template [37ms]
2023-06-22 13:12:07.198 [info] > git check-ignore -v -z --stdin [20ms]
2023-06-22 13:12:07.214 [info] > git for-each-ref --format %(refname) %(objectname) %(*objectname) refs/tags [18ms]
2023-06-22 13:12:07.232 [info] > git status -z -uall [7ms]
2023-06-22 13:12:07.381 [info] > git rev-parse --show-toplevel [3ms]
2023-06-22 13:12:07.395 [info] > git rev-parse --git-dir --git-common-dir [2ms]
2023-06-22 13:12:07.407 [info] Open repository: /home/nvidia/jetson-inference/python/training/detection/ssd
2023-06-22 13:12:07.432 [info] > git config --get commit.template [13ms]
2023-06-22 13:12:07.435 [info] > git for-each-ref --format %(refname) %(objectname) %(*objectname) refs/tags [3ms]
2023-06-22 13:12:07.455 [info] > git status -z -uall [10ms]
2023-06-22 13:12:07.490 [info] > git config --get commit.template [13ms]
2023-06-22 13:12:07.491 [info] > git for-each-ref --format %(refname) %(objectname) %(*objectname) refs/tags [3ms]
2023-06-22 13:12:07.511 [info] > git status -z -uall [9ms]
2023-06-22 13:12:07.720 [info] > git check-ignore -v -z --stdin [6ms]
2023-06-22 13:12:42.519 [info] > git check-ignore -v -z --stdin [25ms]
2023-06-22 13:12:42.522 [info] > git check-ignore -v -z --stdin [19ms]
2023-06-22 13:12:42.523 [info] > git check-ignore -v -z --stdin [10ms]
2023-06-22 13:12:46.731 [info] > git check-ignore -v -z --stdin [5ms]
2023-06-22 13:12:49.671 [info] > git check-ignore -v -z --stdin [4ms]
2023-06-22 13:12:50.728 [info] > git check-ignore -v -z --stdin [5ms]
2023-06-22 13:13:03.769 [info] > git rev-parse --show-toplevel [877ms]
2023-06-22 13:13:03.769 [info] fatal: not a git repository (or any of the parent directories): .git
2023-06-22 13:13:38.362 [info] > git check-ignore -v -z --stdin [5ms]
2023-06-22 13:13:41.349 [info] > git check-ignore -v -z --stdin [4ms]
2023-06-22 13:35:11.983 [info] > git rev-parse --show-toplevel [7ms]
2023-06-22 13:35:11.983 [info] fatal: not a git repository (or any of the parent directories): .git
2023-06-22 13:35:12.035 [info] > git rev-parse --show-toplevel [8ms]
2023-06-22 13:35:12.035 [info] fatal: not a git repository (or any of the parent directories): .git
2023-06-22 13:35:12.084 [info] > git rev-parse --show-toplevel [8ms]
2023-06-22 13:35:12.084 [info] fatal: not a git repository (or any of the parent directories): .git
2023-06-22 13:35:12.157 [info] > git rev-parse --show-toplevel [7ms]
2023-06-22 13:35:12.157 [info] fatal: not a git repository (or any of the parent directories): .git
2023-06-22 13:35:12.175 [info] > git rev-parse --show-toplevel [2ms]
2023-06-22 13:35:12.175 [info] fatal: not a git repository (or any of the parent directories): .git
2023-06-22 13:35:12.220 [info] > git rev-parse --show-toplevel [4ms]
2023-06-22 13:35:12.220 [info] fatal: not a git repository (or any of the parent directories): .git
2023-06-22 13:35:12.275 [info] > git rev-parse --show-toplevel [8ms]
2023-06-22 13:35:12.275 [info] fatal: not a git repository (or any of the parent directories): .git
2023-06-22 13:35:29.809 [info] > git rev-parse --show-toplevel [12ms]
2023-06-22 13:35:29.809 [info] fatal: not a git repository (or any of the parent directories): .git
2023-06-22 13:37:20.833 [info] > git check-ignore -v -z --stdin [4ms]
2023-06-22 13:37:22.283 [info] > git check-ignore -v -z --stdin [4ms]
2023-06-22 13:37:25.067 [info] > git check-ignore -v -z --stdin [5ms]
2023-06-22 13:37:26.078 [info] > git check-ignore -v -z --stdin [3ms]
2023-06-22 13:37:27.350 [info] > git check-ignore -v -z --stdin [6ms]
2023-06-22 13:37:31.913 [info] > git check-ignore -v -z --stdin [4ms]
2023-06-22 13:37:37.671 [info] > git check-ignore -v -z --stdin [4ms]
2023-06-22 13:40:12.700 [info] > git check-ignore -v -z --stdin [3ms]
2023-06-22 13:40:15.172 [info] > git check-ignore -v -z --stdin [21ms]
2023-06-22 13:40:15.174 [info] > git check-ignore -v -z --stdin [4ms]
2023-06-22 13:43:16.030 [info] > git check-ignore -v -z --stdin [34ms]
2023-06-22 13:43:16.031 [info] > git check-ignore -v -z --stdin [19ms]
2023-06-22 13:43:16.032 [info] > git check-ignore -v -z --stdin [5ms]
2023-06-22 13:43:18.653 [info] > git check-ignore -v -z --stdin [3ms]
2023-06-22 13:43:19.637 [info] > git check-ignore -v -z --stdin [3ms]
2023-06-22 13:46:32.980 [info] > git config --get commit.template [17ms]
2023-06-22 13:46:32.981 [info] > git config --get commit.template [3ms]
2023-06-22 13:46:33.016 [info] > git for-each-ref --format=%(refname)%00%(upstream:short)%00%(objectname)%00%(upstream:track)%00%(upstream:remotename)%00%(upstream:remoteref) refs/heads/master refs/remotes/master [17ms]
2023-06-22 13:46:33.034 [info] > git for-each-ref --format %(refname) %(objectname) %(*objectname) refs/tags [20ms]
2023-06-22 13:46:33.054 [info] > git status -z -uall [4ms]
2023-06-22 13:46:33.632 [info] > git status -z -uall [600ms]
2023-06-22 13:46:38.095 [info] > git config --get commit.template [17ms]
2023-06-22 13:46:38.097 [info] > git for-each-ref --format %(refname) %(objectname) %(*objectname) refs/tags [2ms]
2023-06-22 13:46:38.116 [info] > git status -z -uall [5ms]
2023-06-22 13:46:38.674 [info] > git config --get commit.template [18ms]
2023-06-22 13:46:38.675 [info] > git for-each-ref --format=%(refname)%00%(upstream:short)%00%(objectname)%00%(upstream:track)%00%(upstream:remotename)%00%(upstream:remoteref) refs/heads/master refs/remotes/master [3ms]
2023-06-22 13:46:39.288 [info] > git status -z -uall [597ms]
2023-06-22 13:46:43.159 [info] > git config --get commit.template [22ms]
2023-06-22 13:46:43.160 [info] > git for-each-ref --format %(refname) %(objectname) %(*objectname) refs/tags [7ms]
2023-06-22 13:46:43.181 [info] > git status -z -uall [5ms]
2023-06-22 13:46:44.329 [info] > git config --get commit.template [17ms]
2023-06-22 13:46:44.331 [info] > git for-each-ref --format=%(refname)%00%(upstream:short)%00%(objectname)%00%(upstream:track)%00%(upstream:remotename)%00%(upstream:remoteref) refs/heads/master refs/remotes/master [4ms]
2023-06-22 13:46:44.942 [info] > git status -z -uall [596ms]
2023-06-22 13:46:58.151 [info] > git config --get commit.template [4ms]
2023-06-22 13:46:58.151 [info] > git config --get commit.template [19ms]
2023-06-22 13:46:58.184 [info] > git for-each-ref --format=%(refname)%00%(upstream:short)%00%(objectname)%00%(upstream:track)%00%(upstream:remotename)%00%(upstream:remoteref) refs/heads/master refs/remotes/master [17ms]
2023-06-22 13:46:58.201 [info] > git for-each-ref --format %(refname) %(objectname) %(*objectname) refs/tags [18ms]
2023-06-22 13:46:58.221 [info] > git status -z -uall [5ms]
2023-06-22 13:46:58.796 [info] > git status -z -uall [597ms]
2023-06-22 13:47:02.395 [info] > git check-ignore -v -z --stdin [2ms]
2023-06-22 13:47:11.465 [info] > git config --get commit.template [18ms]
2023-06-22 13:47:11.467 [info] > git for-each-ref --format=%(refname)%00%(upstream:short)%00%(objectname)%00%(upstream:track)%00%(upstream:remotename)%00%(upstream:remoteref) refs/heads/master refs/remotes/master [4ms]
2023-06-22 13:47:11.540 [info] > git for-each-ref --format %(refname) %(objectname) %(*objectname) refs/tags [4ms]
2023-06-22 13:47:11.540 [info] > git config --get commit.template [21ms]
2023-06-22 13:47:11.560 [info] > git status -z -uall [5ms]
2023-06-22 13:47:12.084 [info] > git status -z -uall [601ms]
2023-06-22 13:47:13.395 [info] > git show --textconv :data/labels.txt [18ms]
2023-06-22 13:47:13.399 [info] > git ls-files --stage -- /home/nvidia/jetson-inference/python/training/classification/data/labels.txt [6ms]
2023-06-22 13:47:16.598 [info] > git config --get commit.template [16ms]
2023-06-22 13:47:16.599 [info] > git for-each-ref --format %(refname) %(objectname) %(*objectname) refs/tags [2ms]
2023-06-22 13:47:16.619 [info] > git status -z -uall [4ms]
2023-06-22 13:55:58.077 [info] > git config --get commit.template [19ms]
2023-06-22 13:55:58.078 [info] > git config --get commit.template [3ms]
2023-06-22 13:55:58.115 [info] > git for-each-ref --format=%(refname)%00%(upstream:short)%00%(objectname)%00%(upstream:track)%00%(upstream:remotename)%00%(upstream:remoteref) refs/heads/master refs/remotes/master [19ms]
2023-06-22 13:55:58.135 [info] > git for-each-ref --format %(refname) %(objectname) %(*objectname) refs/tags [22ms]
2023-06-22 13:55:58.173 [info] > git status -z -uall [20ms]
2023-06-22 13:55:58.178 [info] > git check-ignore -v -z --stdin [6ms]
2023-06-22 13:55:58.733 [info] > git status -z -uall [599ms]
2023-06-22 13:56:06.768 [info] > git config --get commit.template [19ms]
2023-06-22 13:56:06.770 [info] > git config --get commit.template [4ms]
2023-06-22 13:56:06.808 [info] > git for-each-ref --format=%(refname)%00%(upstream:short)%00%(objectname)%00%(upstream:track)%00%(upstream:remotename)%00%(upstream:remoteref) refs/heads/master refs/remotes/master [20ms]
2023-06-22 13:56:06.828 [info] > git for-each-ref --format %(refname) %(objectname) %(*objectname) refs/tags [21ms]
2023-06-22 13:56:06.851 [info] > git status -z -uall [4ms]
2023-06-22 13:56:07.425 [info] > git status -z -uall [599ms]
2023-06-22 13:56:12.468 [info] > git config --get commit.template [26ms]
2023-06-22 13:56:12.488 [info] > git config --get commit.template [21ms]
2023-06-22 13:56:12.508 [info] > git for-each-ref --format %(refname) %(objectname) %(*objectname) refs/tags [22ms]
2023-06-22 13:56:12.527 [info] > git for-each-ref --format=%(refname)%00%(upstream:short)%00%(objectname)%00%(upstream:track)%00%(upstream:remotename)%00%(upstream:remoteref) refs/heads/master refs/remotes/master [21ms]
2023-06-22 13:56:12.547 [info] > git status -z -uall [20ms]
2023-06-22 13:56:13.147 [info] > git status -z -uall [602ms]
2023-06-22 13:56:20.369 [info] > git config --get commit.template [20ms]
2023-06-22 13:56:20.407 [info] > git config --get commit.template [39ms]
2023-06-22 13:56:20.408 [info] > git for-each-ref --format=%(refname)%00%(upstream:short)%00%(objectname)%00%(upstream:track)%00%(upstream:remotename)%00%(upstream:remoteref) refs/heads/master refs/remotes/master [20ms]
2023-06-22 13:56:20.427 [info] > git for-each-ref --format %(refname) %(objectname) %(*objectname) refs/tags [22ms]
2023-06-22 13:56:20.450 [info] > git status -z -uall [5ms]
2023-06-22 13:56:21.025 [info] > git status -z -uall [599ms]
2023-06-22 13:56:31.151 [info] > git config --get commit.template [20ms]
2023-06-22 13:56:31.191 [info] > git config --get commit.template [41ms]
2023-06-22 13:56:31.192 [info] > git for-each-ref --format %(refname) %(objectname) %(*objectname) refs/tags [5ms]
2023-06-22 13:56:31.211 [info] > git for-each-ref --format=%(refname)%00%(upstream:short)%00%(objectname)%00%(upstream:track)%00%(upstream:remotename)%00%(upstream:remoteref) refs/heads/master refs/remotes/master [42ms]
2023-06-22 13:56:31.230 [info] > git status -z -uall [20ms]
2023-06-22 13:56:31.828 [info] > git status -z -uall [598ms]
2023-06-22 13:56:41.728 [info] > git config --get commit.template [19ms]
2023-06-22 13:56:41.766 [info] > git config --get commit.template [39ms]
2023-06-22 13:56:41.767 [info] > git for-each-ref --format=%(refname)%00%(upstream:short)%00%(objectname)%00%(upstream:track)%00%(upstream:remotename)%00%(upstream:remoteref) refs/heads/master refs/remotes/master [20ms]
2023-06-22 13:56:41.787 [info] > git for-each-ref --format %(refname) %(objectname) %(*objectname) refs/tags [22ms]
2023-06-22 13:56:41.810 [info] > git status -z -uall [5ms]
2023-06-22 13:56:42.388 [info] > git status -z -uall [602ms]
2023-06-22 13:57:00.859 [info] > git config --get commit.template [20ms]
2023-06-22 13:57:00.896 [info] > git config --get commit.template [39ms]
2023-06-22 13:57:00.897 [info] > git for-each-ref --format=%(refname)%00%(upstream:short)%00%(objectname)%00%(upstream:track)%00%(upstream:remotename)%00%(upstream:remoteref) refs/heads/master refs/remotes/master [20ms]
2023-06-22 13:57:00.917 [info] > git for-each-ref --format %(refname) %(objectname) %(*objectname) refs/tags [22ms]
2023-06-22 13:57:00.939 [info] > git status -z -uall [4ms]
2023-06-22 13:57:01.515 [info] > git status -z -uall [600ms]
2023-06-22 13:57:08.537 [info] > git config --get commit.template [21ms]
2023-06-22 13:57:08.575 [info] > git config --get commit.template [39ms]
2023-06-22 13:57:08.576 [info] > git for-each-ref --format=%(refname)%00%(upstream:short)%00%(objectname)%00%(upstream:track)%00%(upstream:remotename)%00%(upstream:remoteref) refs/heads/master refs/remotes/master [21ms]
2023-06-22 13:57:08.595 [info] > git for-each-ref --format %(refname) %(objectname) %(*objectname) refs/tags [22ms]
2023-06-22 13:57:08.618 [info] > git status -z -uall [5ms]
2023-06-22 13:57:09.194 [info] > git status -z -uall [600ms]
2023-06-22 13:57:11.768 [info] > git check-ignore -v -z --stdin [2ms]
2023-06-22 14:01:37.531 [info] > git check-ignore -v -z --stdin [2ms]
2023-06-22 14:01:38.161 [info] > git config --get commit.template [20ms]
2023-06-22 14:01:38.163 [info] > git config --get commit.template [2ms]
2023-06-22 14:01:38.202 [info] > git for-each-ref --format=%(refname)%00%(upstream:short)%00%(objectname)%00%(upstream:track)%00%(upstream:remotename)%00%(upstream:remoteref) refs/heads/master refs/remotes/master [20ms]
2023-06-22 14:01:38.221 [info] > git for-each-ref --format %(refname) %(objectname) %(*objectname) refs/tags [22ms]
2023-06-22 14:01:38.243 [info] > git status -z -uall [5ms]
2023-06-22 14:01:38.820 [info] > git status -z -uall [600ms]
2023-06-22 14:02:03.050 [info] > git config --get commit.template [20ms]
2023-06-22 14:02:03.052 [info] > git config --get commit.template [2ms]
2023-06-22 14:02:03.089 [info] > git for-each-ref --format=%(refname)%00%(upstream:short)%00%(objectname)%00%(upstream:track)%00%(upstream:remotename)%00%(upstream:remoteref) refs/heads/master refs/remotes/master [20ms]
2023-06-22 14:02:03.109 [info] > git for-each-ref --format %(refname) %(objectname) %(*objectname) refs/tags [21ms]
2023-06-22 14:02:03.132 [info] > git status -z -uall [4ms]
2023-06-22 14:02:03.706 [info] > git status -z -uall [599ms]
2023-06-22 14:02:42.143 [info] > git config --get commit.template [19ms]
2023-06-22 14:02:42.145 [info] > git config --get commit.template [4ms]
2023-06-22 14:02:42.178 [info] > git for-each-ref --format=%(refname)%00%(upstream:short)%00%(objectname)%00%(upstream:track)%00%(upstream:remotename)%00%(upstream:remoteref) refs/heads/master refs/remotes/master [18ms]
2023-06-22 14:02:42.197 [info] > git for-each-ref --format %(refname) %(objectname) %(*objectname) refs/tags [20ms]
2023-06-22 14:02:42.217 [info] > git status -z -uall [4ms]
2023-06-22 14:02:42.801 [info] > git status -z -uall [605ms]
2023-06-22 14:02:53.088 [info] > git config --get commit.template [18ms]
2023-06-22 14:02:53.089 [info] > git config --get commit.template [3ms]
2023-06-22 14:02:53.123 [info] > git for-each-ref --format=%(refname)%00%(upstream:short)%00%(objectname)%00%(upstream:track)%00%(upstream:remotename)%00%(upstream:remoteref) refs/heads/master refs/remotes/master [18ms]
2023-06-22 14:02:53.142 [info] > git for-each-ref --format %(refname) %(objectname) %(*objectname) refs/tags [19ms]
2023-06-22 14:02:53.170 [info] > git status -z -uall [5ms]
2023-06-22 14:02:53.741 [info] > git status -z -uall [601ms]
2023-06-22 14:02:58.212 [info] > git config --get commit.template [18ms]
2023-06-22 14:02:58.213 [info] > git for-each-ref --format %(refname) %(objectname) %(*objectname) refs/tags [3ms]
2023-06-22 14:02:58.234 [info] > git status -z -uall [4ms]
2023-06-22 14:02:58.768 [info] > git config --get commit.template [2ms]
2023-06-22 14:02:58.789 [info] > git for-each-ref --format=%(refname)%00%(upstream:short)%00%(objectname)%00%(upstream:track)%00%(upstream:remotename)%00%(upstream:remoteref) refs/heads/master refs/remotes/master [4ms]
2023-06-22 14:02:59.400 [info] > git status -z -uall [594ms]
2023-06-22 14:03:05.915 [info] > git config --get commit.template [18ms]
2023-06-22 14:03:05.916 [info] > git config --get commit.template [3ms]
2023-06-22 14:03:05.951 [info] > git for-each-ref --format=%(refname)%00%(upstream:short)%00%(objectname)%00%(upstream:track)%00%(upstream:remotename)%00%(upstream:remoteref) refs/heads/master refs/remotes/master [18ms]
2023-06-22 14:03:05.969 [info] > git for-each-ref --format %(refname) %(objectname) %(*objectname) refs/tags [20ms]
2023-06-22 14:03:05.990 [info] > git status -z -uall [4ms]
2023-06-22 14:03:06.568 [info] > git status -z -uall [600ms]
2023-06-22 14:03:13.738 [info] > git config --get commit.template [19ms]
2023-06-22 14:03:13.740 [info] > git config --get commit.template [2ms]
2023-06-22 14:03:13.774 [info] > git for-each-ref --format=%(refname)%00%(upstream:short)%00%(objectname)%00%(upstream:track)%00%(upstream:remotename)%00%(upstream:remoteref) refs/heads/master refs/remotes/master [18ms]
2023-06-22 14:03:13.793 [info] > git for-each-ref --format %(refname) %(objectname) %(*objectname) refs/tags [21ms]
2023-06-22 14:03:13.816 [info] > git status -z -uall [4ms]
2023-06-22 14:03:14.391 [info] > git status -z -uall [600ms]
2023-06-22 14:03:23.179 [info] > git config --get commit.template [19ms]
2023-06-22 14:03:23.181 [info] > git config --get commit.template [3ms]
2023-06-22 14:03:23.215 [info] > git for-each-ref --format=%(refname)%00%(upstream:short)%00%(objectname)%00%(upstream:track)%00%(upstream:remotename)%00%(upstream:remoteref) refs/heads/master refs/remotes/master [18ms]
2023-06-22 14:03:23.234 [info] > git for-each-ref --format %(refname) %(objectname) %(*objectname) refs/tags [19ms]
2023-06-22 14:03:23.255 [info] > git status -z -uall [5ms]
2023-06-22 14:03:23.834 [info] > git status -z -uall [602ms]
2023-06-22 14:03:32.327 [info] > git config --get commit.template [3ms]
2023-06-22 14:03:32.327 [info] > git config --get commit.template [21ms]
2023-06-22 14:03:32.362 [info] > git for-each-ref --format=%(refname)%00%(upstream:short)%00%(objectname)%00%(upstream:track)%00%(upstream:remotename)%00%(upstream:remoteref) refs/heads/master refs/remotes/master [17ms]
2023-06-22 14:03:32.380 [info] > git for-each-ref --format %(refname) %(objectname) %(*objectname) refs/tags [20ms]
2023-06-22 14:03:32.402 [info] > git status -z -uall [4ms]
2023-06-22 14:03:32.982 [info] > git status -z -uall [603ms]
2023-06-22 14:03:37.444 [info] > git config --get commit.template [19ms]
2023-06-22 14:03:37.446 [info] > git for-each-ref --format %(refname) %(objectname) %(*objectname) refs/tags [3ms]
2023-06-22 14:03:37.467 [info] > git status -z -uall [5ms]
2023-06-22 14:03:38.044 [info] > git for-each-ref --format=%(refname)%00%(upstream:short)%00%(objectname)%00%(upstream:track)%00%(upstream:remotename)%00%(upstream:remoteref) refs/heads/master refs/remotes/master [20ms]
2023-06-22 14:03:38.046 [info] > git config --get commit.template [38ms]
2023-06-22 14:03:38.066 [info] > git check-ignore -v -z --stdin [24ms]
2023-06-22 14:03:38.659 [info] > git status -z -uall [594ms]
2023-06-22 14:03:57.924 [info] > git check-ignore -v -z --stdin [2ms]
2023-06-22 14:03:58.204 [info] > git config --get commit.template [19ms]
2023-06-22 14:03:58.205 [info] > git config --get commit.template [3ms]
2023-06-22 14:03:58.242 [info] > git for-each-ref --format=%(refname)%00%(upstream:short)%00%(objectname)%00%(upstream:track)%00%(upstream:remotename)%00%(upstream:remoteref) refs/heads/master refs/remotes/master [18ms]
2023-06-22 14:03:58.261 [info] > git for-each-ref --format %(refname) %(objectname) %(*objectname) refs/tags [21ms]
2023-06-22 14:03:58.283 [info] > git status -z -uall [5ms]
2023-06-22 14:03:58.861 [info] > git status -z -uall [601ms]
2023-06-22 14:04:11.683 [info] > git config --get commit.template [19ms]
2023-06-22 14:04:11.685 [info] > git config --get commit.template [4ms]
2023-06-22 14:04:11.720 [info] > git for-each-ref --format=%(refname)%00%(upstream:short)%00%(objectname)%00%(upstream:track)%00%(upstream:remotename)%00%(upstream:remoteref) refs/heads/master refs/remotes/master [18ms]
2023-06-22 14:04:11.739 [info] > git for-each-ref --format %(refname) %(objectname) %(*objectname) refs/tags [20ms]
2023-06-22 14:04:11.761 [info] > git status -z -uall [5ms]
2023-06-22 14:04:12.340 [info] > git status -z -uall [602ms]
2023-06-22 14:04:12.680 [info] > git check-ignore -v -z --stdin [3ms]
2023-06-22 14:04:19.092 [info] > git check-ignore -v -z --stdin [2ms]
2023-06-22 14:04:19.665 [info] > git config --get commit.template [20ms]
2023-06-22 14:04:19.701 [info] > git config --get commit.template [38ms]
2023-06-22 14:04:19.703 [info] > git for-each-ref --format=%(refname)%00%(upstream:short)%00%(objectname)%00%(upstream:track)%00%(upstream:remotename)%00%(upstream:remoteref) refs/heads/master refs/remotes/master [21ms]
2023-06-22 14:04:19.721 [info] > git for-each-ref --format %(refname) %(objectname) %(*objectname) refs/tags [21ms]
2023-06-22 14:04:19.744 [info] > git status -z -uall [5ms]
2023-06-22 14:04:20.323 [info] > git status -z -uall [602ms]
2023-06-22 14:04:34.359 [info] > git config --get commit.template [19ms]
2023-06-22 14:04:34.399 [info] > git config --get commit.template [41ms]
2023-06-22 14:04:34.401 [info] > git for-each-ref --format=%(refname)%00%(upstream:short)%00%(objectname)%00%(upstream:track)%00%(upstream:remotename)%00%(upstream:remoteref) refs/heads/master refs/remotes/master [23ms]
2023-06-22 14:04:34.422 [info] > git for-each-ref --format %(refname) %(objectname) %(*objectname) refs/tags [23ms]
2023-06-22 14:04:34.444 [info] > git status -z -uall [4ms]
2023-06-22 14:04:35.022 [info] > git status -z -uall [602ms]
2023-06-22 14:04:39.759 [info] > git config --get commit.template [19ms]
2023-06-22 14:04:39.761 [info] > git for-each-ref --format %(refname) %(objectname) %(*objectname) refs/tags [3ms]
2023-06-22 14:04:39.783 [info] > git status -z -uall [5ms]
2023-06-22 14:04:40.069 [info] > git config --get commit.template [20ms]
2023-06-22 14:04:40.070 [info] > git for-each-ref --format=%(refname)%00%(upstream:short)%00%(objectname)%00%(upstream:track)%00%(upstream:remotename)%00%(upstream:remoteref) refs/heads/master refs/remotes/master [3ms]
2023-06-22 14:04:40.682 [info] > git status -z -uall [594ms]
2023-06-22 14:04:46.487 [info] > git config --get commit.template [18ms]
2023-06-22 14:04:46.523 [info] > git config --get commit.template [38ms]
2023-06-22 14:04:46.528 [info] > git for-each-ref --format=%(refname)%00%(upstream:short)%00%(objectname)%00%(upstream:track)%00%(upstream:remotename)%00%(upstream:remoteref) refs/heads/master refs/remotes/master [23ms]
2023-06-22 14:04:46.548 [info] > git for-each-ref --format %(refname) %(objectname) %(*objectname) refs/tags [26ms]
2023-06-22 14:04:46.571 [info] > git status -z -uall [5ms]
2023-06-22 14:04:47.146 [info] > git status -z -uall [600ms]
2023-06-22 14:04:54.427 [info] > git config --get commit.template [20ms]
2023-06-22 14:04:54.464 [info] > git config --get commit.template [38ms]
2023-06-22 14:04:54.465 [info] > git for-each-ref --format=%(refname)%00%(upstream:short)%00%(objectname)%00%(upstream:track)%00%(upstream:remotename)%00%(upstream:remoteref) refs/heads/master refs/remotes/master [20ms]
2023-06-22 14:04:54.484 [info] > git for-each-ref --format %(refname) %(objectname) %(*objectname) refs/tags [21ms]
2023-06-22 14:04:54.507 [info] > git status -z -uall [5ms]
2023-06-22 14:04:55.086 [info] > git status -z -uall [603ms]
2023-06-22 14:05:02.109 [info] > git config --get commit.template [20ms]
2023-06-22 14:05:02.146 [info] > git config --get commit.template [38ms]
2023-06-22 14:05:02.147 [info] > git for-each-ref --format=%(refname)%00%(upstream:short)%00%(objectname)%00%(upstream:track)%00%(upstream:remotename)%00%(upstream:remoteref) refs/heads/master refs/remotes/master [20ms]
2023-06-22 14:05:02.168 [info] > git for-each-ref --format %(refname) %(objectname) %(*objectname) refs/tags [23ms]
2023-06-22 14:05:02.190 [info] > git status -z -uall [5ms]
2023-06-22 14:05:02.763 [info] > git status -z -uall [599ms]
2023-06-22 14:05:07.645 [info] > git config --get commit.template [19ms]
2023-06-22 14:05:07.646 [info] > git for-each-ref --format %(refname) %(objectname) %(*objectname) refs/tags [3ms]
2023-06-22 14:05:07.668 [info] > git status -z -uall [4ms]
2023-06-22 14:05:07.808 [info] > git config --get commit.template [20ms]
2023-06-22 14:05:07.809 [info] > git for-each-ref --format=%(refname)%00%(upstream:short)%00%(objectname)%00%(upstream:track)%00%(upstream:remotename)%00%(upstream:remoteref) refs/heads/master refs/remotes/master [3ms]
2023-06-22 14:05:08.421 [info] > git status -z -uall [594ms]
2023-06-22 14:05:09.060 [info] > git show --textconv :data/.gitkeep [19ms]
2023-06-22 14:05:09.062 [info] > git ls-files --stage -- /home/nvidia/jetson-inference/python/training/classification/data/.gitkeep [3ms]
2023-06-22 14:05:09.083 [info] > git cat-file -s e69de29bb2d1d6434b8b29ae775ad8c2e48c5391 [3ms]
2023-06-22 14:05:10.249 [info] > git check-ignore -v -z --stdin [3ms]
2023-06-22 14:05:35.319 [info] > git check-ignore -v -z --stdin [2ms]
2023-06-22 14:05:35.866 [info] > git config --get commit.template [22ms]
2023-06-22 14:05:35.886 [info] > git config --get commit.template [22ms]
2023-06-22 14:05:35.905 [info] > git for-each-ref --format=%(refname)%00%(upstream:short)%00%(objectname)%00%(upstream:track)%00%(upstream:remotename)%00%(upstream:remoteref) refs/heads/master refs/remotes/master [21ms]
2023-06-22 14:05:35.925 [info] > git for-each-ref --format %(refname) %(objectname) %(*objectname) refs/tags [20ms]
2023-06-22 14:05:35.947 [info] > git status -z -uall [4ms]
2023-06-22 14:05:36.523 [info] > git status -z -uall [600ms]
2023-06-22 14:05:43.680 [info] > git check-ignore -v -z --stdin [2ms]
2023-06-22 14:05:44.290 [info] > git config --get commit.template [19ms]
2023-06-22 14:05:44.291 [info] > git config --get commit.template [2ms]
2023-06-22 14:05:44.327 [info] > git for-each-ref --format=%(refname)%00%(upstream:short)%00%(objectname)%00%(upstream:track)%00%(upstream:remotename)%00%(upstream:remoteref) refs/heads/master refs/remotes/master [19ms]
2023-06-22 14:05:44.346 [info] > git for-each-ref --format %(refname) %(objectname) %(*objectname) refs/tags [20ms]
2023-06-22 14:05:44.368 [info] > git status -z -uall [4ms]
2023-06-22 14:05:44.946 [info] > git status -z -uall [602ms]
2023-06-22 14:13:18.357 [info] > git check-ignore -v -z --stdin [3ms]
2023-06-22 14:13:19.873 [info] > git check-ignore -v -z --stdin [3ms]
2023-06-22 14:13:23.182 [info] > git check-ignore -v -z --stdin [2ms]
2023-06-22 14:13:23.787 [info] > git config --get commit.template [19ms]
2023-06-22 14:13:23.788 [info] > git config --get commit.template [3ms]
2023-06-22 14:13:23.825 [info] > git for-each-ref --format=%(refname)%00%(upstream:short)%00%(objectname)%00%(upstream:track)%00%(upstream:remotename)%00%(upstream:remoteref) refs/heads/master refs/remotes/master [19ms]
2023-06-22 14:13:23.845 [info] > git for-each-ref --format %(refname) %(objectname) %(*objectname) refs/tags [21ms]
2023-06-22 14:13:23.869 [info] > git status -z -uall [5ms]
2023-06-22 14:13:24.449 [info] > git status -z -uall [605ms]
2023-06-22 14:14:08.025 [info] > git check-ignore -v -z --stdin [2ms]
2023-06-22 14:14:37.410 [info] > git check-ignore -v -z --stdin [2ms]
2023-06-22 14:14:38.010 [info] > git config --get commit.template [20ms]
2023-06-22 14:14:38.011 [info] > git config --get commit.template [3ms]
2023-06-22 14:14:38.048 [info] > git for-each-ref --format=%(refname)%00%(upstream:short)%00%(objectname)%00%(upstream:track)%00%(upstream:remotename)%00%(upstream:remoteref) refs/heads/master refs/remotes/master [19ms]
2023-06-22 14:14:38.070 [info] > git for-each-ref --format %(refname) %(objectname) %(*objectname) refs/tags [23ms]
2023-06-22 14:14:38.095 [info] > git status -z -uall [4ms]
2023-06-22 14:14:38.666 [info] > git status -z -uall [599ms]
2023-06-22 14:14:50.275 [info] > git check-ignore -v -z --stdin [2ms]
2023-06-22 14:15:10.672 [info] > git config --get commit.template [20ms]
2023-06-22 14:15:10.710 [info] > git config --get commit.template [40ms]
2023-06-22 14:15:10.711 [info] > git for-each-ref --format=%(refname)%00%(upstream:short)%00%(objectname)%00%(upstream:track)%00%(upstream:remotename)%00%(upstream:remoteref) refs/heads/master refs/remotes/master [20ms]
2023-06-22 14:15:10.732 [info] > git for-each-ref --format %(refname) %(objectname) %(*objectname) refs/tags [23ms]
2023-06-22 14:15:10.756 [info] > git status -z -uall [5ms]
2023-06-22 14:15:11.331 [info] > git status -z -uall [600ms]
2023-06-22 14:15:35.560 [info] > git check-ignore -v -z --stdin [2ms]
2023-06-22 14:15:36.378 [info] > git check-ignore -v -z --stdin [3ms]
2023-06-22 14:15:40.094 [info] > git check-ignore -v -z --stdin [3ms]
2023-06-22 14:15:42.523 [info] > git check-ignore -v -z --stdin [3ms]
2023-06-22 14:15:57.513 [info] > git check-ignore -v -z --stdin [3ms]
2023-06-22 14:16:01.590 [info] > git config --get commit.template [21ms]
2023-06-22 14:16:01.628 [info] > git config --get commit.template [40ms]
2023-06-22 14:16:01.630 [info] > git for-each-ref --format=%(refname)%00%(upstream:short)%00%(objectname)%00%(upstream:track)%00%(upstream:remotename)%00%(upstream:remoteref) refs/heads/master refs/remotes/master [21ms]
2023-06-22 14:16:01.652 [info] > git for-each-ref --format %(refname) %(objectname) %(*objectname) refs/tags [25ms]
2023-06-22 14:16:01.675 [info] > git status -z -uall [5ms]
2023-06-22 14:16:02.250 [info] > git status -z -uall [599ms]
2023-06-22 14:16:24.146 [info] > git config --get commit.template [19ms]
2023-06-22 14:16:24.148 [info] > git config --get commit.template [5ms]
2023-06-22 14:16:24.183 [info] > git for-each-ref --format=%(refname)%00%(upstream:short)%00%(objectname)%00%(upstream:track)%00%(upstream:remotename)%00%(upstream:remoteref) refs/heads/master refs/remotes/master [18ms]
2023-06-22 14:16:24.202 [info] > git for-each-ref --format %(refname) %(objectname) %(*objectname) refs/tags [20ms]
2023-06-22 14:16:24.224 [info] > git status -z -uall [4ms]
2023-06-22 14:16:24.800 [info] > git status -z -uall [599ms]
2023-06-22 14:16:43.859 [info] > git config --get commit.template [19ms]
2023-06-22 14:16:43.860 [info] > git config --get commit.template [3ms]
2023-06-22 14:16:43.896 [info] > git for-each-ref --format=%(refname)%00%(upstream:short)%00%(objectname)%00%(upstream:track)%00%(upstream:remotename)%00%(upstream:remoteref) refs/heads/master refs/remotes/master [19ms]
2023-06-22 14:16:43.915 [info] > git for-each-ref --format %(refname) %(objectname) %(*objectname) refs/tags [21ms]
2023-06-22 14:16:43.938 [info] > git status -z -uall [5ms]
2023-06-22 14:16:44.511 [info] > git status -z -uall [597ms]
2023-06-22 14:17:39.118 [info] > git check-ignore -v -z --stdin [2ms]
2023-06-22 14:17:43.633 [info] > git check-ignore -v -z --stdin [2ms]
2023-06-22 14:18:01.094 [info] > git config --get commit.template [19ms]
2023-06-22 14:18:01.096 [info] > git config --get commit.template [3ms]
2023-06-22 14:18:01.131 [info] > git for-each-ref --format=%(refname)%00%(upstream:short)%00%(objectname)%00%(upstream:track)%00%(upstream:remotename)%00%(upstream:remoteref) refs/heads/master refs/remotes/master [18ms]
2023-06-22 14:18:01.150 [info] > git for-each-ref --format %(refname) %(objectname) %(*objectname) refs/tags [19ms]
2023-06-22 14:18:01.173 [info] > git status -z -uall [5ms]
2023-06-22 14:18:01.747 [info] > git status -z -uall [599ms]
2023-06-22 14:18:35.613 [info] > git check-ignore -v -z --stdin [3ms]
2023-06-22 14:18:36.227 [info] > git config --get commit.template [23ms]
2023-06-22 14:18:36.230 [info] > git config --get commit.template [7ms]
2023-06-22 14:18:36.265 [info] > git for-each-ref --format=%(refname)%00%(upstream:short)%00%(objectname)%00%(upstream:track)%00%(upstream:remotename)%00%(upstream:remoteref) refs/heads/master refs/remotes/master [18ms]
2023-06-22 14:18:36.283 [info] > git for-each-ref --format %(refname) %(objectname) %(*objectname) refs/tags [20ms]
2023-06-22 14:18:36.305 [info] > git status -z -uall [4ms]
2023-06-22 14:18:36.881 [info] > git status -z -uall [600ms]
2023-06-22 14:18:49.309 [info] > git check-ignore -v -z --stdin [2ms]
2023-06-22 14:18:49.926 [info] > git config --get commit.template [18ms]
2023-06-22 14:18:49.961 [info] > git config --get commit.template [36ms]
2023-06-22 14:18:49.961 [info] > git for-each-ref --format=%(refname)%00%(upstream:short)%00%(objectname)%00%(upstream:track)%00%(upstream:remotename)%00%(upstream:remoteref) refs/heads/master refs/remotes/master [18ms]
2023-06-22 14:18:49.981 [info] > git for-each-ref --format %(refname) %(objectname) %(*objectname) refs/tags [22ms]
2023-06-22 14:18:50.004 [info] > git status -z -uall [4ms]
2023-06-22 14:18:50.581 [info] > git status -z -uall [603ms]
2023-06-22 14:19:58.997 [info] > git check-ignore -v -z --stdin [3ms]
2023-06-22 14:19:59.816 [info] > git check-ignore -v -z --stdin [4ms]
2023-06-22 14:20:01.022 [info] > git check-ignore -v -z --stdin [3ms]
2023-06-22 14:20:03.009 [info] > git check-ignore -v -z --stdin [3ms]
2023-06-22 14:20:03.535 [info] > git config --get commit.template [18ms]
2023-06-22 14:20:03.536 [info] > git config --get commit.template [3ms]
2023-06-22 14:20:03.571 [info] > git for-each-ref --format=%(refname)%00%(upstream:short)%00%(objectname)%00%(upstream:track)%00%(upstream:remotename)%00%(upstream:remoteref) refs/heads/master refs/remotes/master [18ms]
2023-06-22 14:20:03.588 [info] > git for-each-ref --format %(refname) %(objectname) %(*objectname) refs/tags [20ms]
2023-06-22 14:20:03.609 [info] > git status -z -uall [5ms]
2023-06-22 14:20:04.192 [info] > git status -z -uall [605ms]
2023-06-22 14:20:04.583 [info] > git check-ignore -v -z --stdin [3ms]
2023-06-22 14:20:27.378 [info] > git check-ignore -v -z --stdin [2ms]
2023-06-22 14:20:27.954 [info] > git config --get commit.template [18ms]
2023-06-22 14:20:27.955 [info] > git config --get commit.template [3ms]
2023-06-22 14:20:27.988 [info] > git for-each-ref --format=%(refname)%00%(upstream:short)%00%(objectname)%00%(upstream:track)%00%(upstream:remotename)%00%(upstream:remoteref) refs/heads/master refs/remotes/master [17ms]
2023-06-22 14:20:28.006 [info] > git for-each-ref --format %(refname) %(objectname) %(*objectname) refs/tags [18ms]
2023-06-22 14:20:28.027 [info] > git status -z -uall [4ms]
2023-06-22 14:20:28.606 [info] > git status -z -uall [602ms]
2023-06-22 14:20:47.325 [info] > git check-ignore -v -z --stdin [2ms]
2023-06-22 14:20:47.932 [info] > git config --get commit.template [18ms]
2023-06-22 14:20:47.965 [info] > git config --get commit.template [35ms]
2023-06-22 14:20:47.966 [info] > git for-each-ref --format=%(refname)%00%(upstream:short)%00%(objectname)%00%(upstream:track)%00%(upstream:remotename)%00%(upstream:remoteref) refs/heads/master refs/remotes/master [17ms]
2023-06-22 14:20:47.986 [info] > git for-each-ref --format %(refname) %(objectname) %(*objectname) refs/tags [21ms]
2023-06-22 14:20:48.006 [info] > git status -z -uall [4ms]
2023-06-22 14:20:48.584 [info] > git status -z -uall [602ms]
2023-06-22 14:22:33.776 [info] > git check-ignore -v -z --stdin [3ms]
2023-06-22 14:22:36.363 [info] > git check-ignore -v -z --stdin [2ms]
2023-06-22 14:22:38.031 [info] > git config --get commit.template [20ms]
2023-06-22 14:22:38.049 [info] > git config --get commit.template [19ms]
2023-06-22 14:22:38.067 [info] > git for-each-ref --format=%(refname)%00%(upstream:short)%00%(objectname)%00%(upstream:track)%00%(upstream:remotename)%00%(upstream:remoteref) refs/heads/master refs/remotes/master [18ms]
2023-06-22 14:22:38.084 [info] > git for-each-ref --format %(refname) %(objectname) %(*objectname) refs/tags [19ms]
2023-06-22 14:22:38.106 [info] > git status -z -uall [5ms]
2023-06-22 14:22:38.682 [info] > git status -z -uall [599ms]
2023-06-22 14:22:40.612 [info] > git check-ignore -v -z --stdin [3ms]
2023-06-22 14:22:42.005 [info] > git check-ignore -v -z --stdin [2ms]
2023-06-22 14:23:35.028 [info] > git check-ignore -v -z --stdin [2ms]
2023-06-22 14:23:35.633 [info] > git config --get commit.template [17ms]
2023-06-22 14:23:35.665 [info] > git config --get commit.template [34ms]
2023-06-22 14:23:35.666 [info] > git for-each-ref --format=%(refname)%00%(upstream:short)%00%(objectname)%00%(upstream:track)%00%(upstream:remotename)%00%(upstream:remoteref) refs/heads/master refs/remotes/master [18ms]
2023-06-22 14:23:35.683 [info] > git for-each-ref --format %(refname) %(objectname) %(*objectname) refs/tags [19ms]
2023-06-22 14:23:35.703 [info] > git status -z -uall [4ms]
2023-06-22 14:23:36.281 [info] > git status -z -uall [599ms]
2023-06-22 14:23:50.335 [info] > git check-ignore -v -z --stdin [3ms]
2023-06-22 14:23:50.778 [info] > git config --get commit.template [18ms]
2023-06-22 14:23:50.779 [info] > git config --get commit.template [3ms]
2023-06-22 14:23:50.812 [info] > git for-each-ref --format=%(refname)%00%(upstream:short)%00%(objectname)%00%(upstream:track)%00%(upstream:remotename)%00%(upstream:remoteref) refs/heads/master refs/remotes/master [18ms]
2023-06-22 14:23:50.830 [info] > git for-each-ref --format %(refname) %(objectname) %(*objectname) refs/tags [20ms]
2023-06-22 14:23:50.852 [info] > git status -z -uall [4ms]
2023-06-22 14:23:51.426 [info] > git status -z -uall [598ms]
2023-06-22 14:26:18.661 [info] > git check-ignore -v -z --stdin [3ms]
2023-06-22 14:26:20.730 [info] > git check-ignore -v -z --stdin [3ms]
2023-06-22 14:26:24.078 [info] > git check-ignore -v -z --stdin [3ms]
2023-06-22 14:26:39.561 [info] > git config --get commit.template [18ms]
2023-06-22 14:26:39.596 [info] > git config --get commit.template [36ms]
2023-06-22 14:26:39.597 [info] > git for-each-ref --format %(refname) %(objectname) %(*objectname) refs/tags [4ms]
2023-06-22 14:26:39.614 [info] > git for-each-ref --format=%(refname)%00%(upstream:short)%00%(objectname)%00%(upstream:track)%00%(upstream:remotename)%00%(upstream:remoteref) refs/heads/master refs/remotes/master [36ms]
2023-06-22 14:26:39.631 [info] > git status -z -uall [18ms]
2023-06-22 14:26:40.232 [info] > git status -z -uall [602ms]
2023-06-22 14:26:48.399 [info] > git check-ignore -v -z --stdin [2ms]
2023-06-22 14:26:48.940 [info] > git config --get commit.template [19ms]
2023-06-22 14:26:48.973 [info] > git config --get commit.template [35ms]
2023-06-22 14:26:48.974 [info] > git for-each-ref --format=%(refname)%00%(upstream:short)%00%(objectname)%00%(upstream:track)%00%(upstream:remotename)%00%(upstream:remoteref) refs/heads/master refs/remotes/master [18ms]
2023-06-22 14:26:48.991 [info] > git for-each-ref --format %(refname) %(objectname) %(*objectname) refs/tags [19ms]
2023-06-22 14:26:49.011 [info] > git status -z -uall [5ms]
2023-06-22 14:26:49.588 [info] > git status -z -uall [599ms]
2023-06-22 14:27:02.815 [info] > git check-ignore -v -z --stdin [2ms]
2023-06-22 14:27:22.931 [info] > git config --get commit.template [20ms]
2023-06-22 14:27:22.933 [info] > git config --get commit.template [4ms]
2023-06-22 14:27:22.966 [info] > git for-each-ref --format=%(refname)%00%(upstream:short)%00%(objectname)%00%(upstream:track)%00%(upstream:remotename)%00%(upstream:remoteref) refs/heads/master refs/remotes/master [17ms]
2023-06-22 14:27:22.982 [info] > git for-each-ref --format %(refname) %(objectname) %(*objectname) refs/tags [18ms]
2023-06-22 14:27:23.003 [info] > git status -z -uall [4ms]
2023-06-22 14:27:23.580 [info] > git status -z -uall [599ms]
2023-06-22 14:28:30.466 [info] > git check-ignore -v -z --stdin [3ms]
2023-06-22 14:28:36.507 [info] > git config --get commit.template [23ms]
2023-06-22 14:28:36.509 [info] > git config --get commit.template [5ms]
2023-06-22 14:28:36.540 [info] > git for-each-ref --format=%(refname)%00%(upstream:short)%00%(objectname)%00%(upstream:track)%00%(upstream:remotename)%00%(upstream:remoteref) refs/heads/master refs/remotes/master [17ms]
2023-06-22 14:28:36.555 [info] > git for-each-ref --format %(refname) %(objectname) %(*objectname) refs/tags [17ms]
2023-06-22 14:28:36.574 [info] > git status -z -uall [5ms]
2023-06-22 14:28:37.153 [info] > git status -z -uall [599ms]
2023-06-22 14:29:08.636 [info] > git check-ignore -v -z --stdin [5ms]
2023-06-22 14:29:09.453 [info] > git check-ignore -v -z --stdin [2ms]
2023-06-22 14:29:10.380 [info] > git config --get commit.template [15ms]
2023-06-22 14:29:10.383 [info] > git config --get commit.template [5ms]
2023-06-22 14:29:10.411 [info] > git for-each-ref --format=%(refname)%00%(upstream:short)%00%(objectname)%00%(upstream:track)%00%(upstream:remotename)%00%(upstream:remoteref) refs/heads/master refs/remotes/master [15ms]
2023-06-22 14:29:10.425 [info] > git for-each-ref --format %(refname) %(objectname) %(*objectname) refs/tags [16ms]
2023-06-22 14:29:10.443 [info] > git status -z -uall [4ms]
2023-06-22 14:29:11.025 [info] > git status -z -uall [600ms]
2023-06-22 14:29:13.107 [info] > git check-ignore -v -z --stdin [3ms]
2023-06-22 14:29:30.615 [info] > git check-ignore -v -z --stdin [3ms]
2023-06-22 14:29:31.221 [info] > git config --get commit.template [2ms]
2023-06-22 14:29:31.222 [info] > git config --get commit.template [24ms]
2023-06-22 14:29:31.251 [info] > git for-each-ref --format=%(refname)%00%(upstream:short)%00%(objectname)%00%(upstream:track)%00%(upstream:remotename)%00%(upstream:remoteref) refs/heads/master refs/remotes/master [16ms]
2023-06-22 14:29:31.267 [info] > git for-each-ref --format %(refname) %(objectname) %(*objectname) refs/tags [17ms]
2023-06-22 14:29:31.286 [info] > git status -z -uall [5ms]
2023-06-22 14:29:31.875 [info] > git status -z -uall [608ms]
2023-06-22 14:31:06.564 [info] > git check-ignore -v -z --stdin [3ms]
2023-06-22 14:31:13.633 [info] > git config --get commit.template [16ms]
2023-06-22 14:31:13.634 [info] > git config --get commit.template [3ms]
2023-06-22 14:31:13.665 [info] > git for-each-ref --format=%(refname)%00%(upstream:short)%00%(objectname)%00%(upstream:track)%00%(upstream:remotename)%00%(upstream:remoteref) refs/heads/master refs/remotes/master [18ms]
2023-06-22 14:31:13.680 [info] > git for-each-ref --format %(refname) %(objectname) %(*objectname) refs/tags [17ms]
2023-06-22 14:31:13.699 [info] > git status -z -uall [5ms]
2023-06-22 14:31:14.279 [info] > git status -z -uall [601ms]
2023-06-22 14:31:19.697 [info] > git check-ignore -v -z --stdin [3ms]
2023-06-22 14:31:20.805 [info] > git check-ignore -v -z --stdin [3ms]
2023-06-22 14:31:48.234 [info] > git check-ignore -v -z --stdin [3ms]
2023-06-22 14:31:48.805 [info] > git config --get commit.template [19ms]
2023-06-22 14:31:48.806 [info] > git config --get commit.template [3ms]
2023-06-22 14:31:48.842 [info] > git for-each-ref --format=%(refname)%00%(upstream:short)%00%(objectname)%00%(upstream:track)%00%(upstream:remotename)%00%(upstream:remoteref) refs/heads/master refs/remotes/master [18ms]
2023-06-22 14:31:48.857 [info] > git for-each-ref --format %(refname) %(objectname) %(*objectname) refs/tags [18ms]
2023-06-22 14:31:48.878 [info] > git status -z -uall [5ms]
2023-06-22 14:31:49.457 [info] > git status -z -uall [601ms]
2023-06-22 14:31:59.898 [info] > git check-ignore -v -z --stdin [3ms]
2023-06-22 14:32:21.806 [info] > git config --get commit.template [17ms]
2023-06-22 14:32:21.807 [info] > git config --get commit.template [3ms]
2023-06-22 14:32:21.839 [info] > git for-each-ref --format=%(refname)%00%(upstream:short)%00%(objectname)%00%(upstream:track)%00%(upstream:remotename)%00%(upstream:remoteref) refs/heads/master refs/remotes/master [16ms]
2023-06-22 14:32:21.854 [info] > git for-each-ref --format %(refname) %(objectname) %(*objectname) refs/tags [18ms]
2023-06-22 14:32:21.874 [info] > git status -z -uall [4ms]
2023-06-22 14:32:22.451 [info] > git status -z -uall [598ms]
2023-06-22 14:32:53.527 [info] > git check-ignore -v -z --stdin [3ms]
2023-06-22 14:32:58.554 [info] > git check-ignore -v -z --stdin [4ms]
2023-06-22 14:33:06.030 [info] > git check-ignore -v -z --stdin [3ms]
2023-06-22 14:33:06.718 [info] > git config --get commit.template [4ms]
2023-06-22 14:33:06.718 [info] > git config --get commit.template [19ms]
2023-06-22 14:33:06.749 [info] > git for-each-ref --format=%(refname)%00%(upstream:short)%00%(objectname)%00%(upstream:track)%00%(upstream:remotename)%00%(upstream:remoteref) refs/heads/master refs/remotes/master [17ms]
2023-06-22 14:33:06.765 [info] > git for-each-ref --format %(refname) %(objectname) %(*objectname) refs/tags [18ms]
2023-06-22 14:33:06.785 [info] > git status -z -uall [5ms]
2023-06-22 14:33:07.366 [info] > git status -z -uall [603ms]
2023-06-22 14:33:08.560 [info] > git check-ignore -v -z --stdin [2ms]
2023-06-22 14:33:11.107 [info] > git check-ignore -v -z --stdin [3ms]
2023-06-22 14:33:56.296 [info] > git check-ignore -v -z --stdin [2ms]
2023-06-22 14:33:57.466 [info] > git config --get commit.template [16ms]
2023-06-22 14:33:57.467 [info] > git config --get commit.template [3ms]
2023-06-22 14:33:57.497 [info] > git for-each-ref --format=%(refname)%00%(upstream:short)%00%(objectname)%00%(upstream:track)%00%(upstream:remotename)%00%(upstream:remoteref) refs/heads/master refs/remotes/master [16ms]
2023-06-22 14:33:57.513 [info] > git for-each-ref --format %(refname) %(objectname) %(*objectname) refs/tags [17ms]
2023-06-22 14:33:57.532 [info] > git status -z -uall [4ms]
2023-06-22 14:33:58.110 [info] > git status -z -uall [599ms]
2023-06-22 14:34:10.575 [info] > git check-ignore -v -z --stdin [3ms]
2023-06-22 14:34:16.370 [info] > git config --get commit.template [18ms]
2023-06-22 14:34:16.372 [info] > git config --get commit.template [3ms]
2023-06-22 14:34:16.405 [info] > git for-each-ref --format=%(refname)%00%(upstream:short)%00%(objectname)%00%(upstream:track)%00%(upstream:remotename)%00%(upstream:remoteref) refs/heads/master refs/remotes/master [16ms]
2023-06-22 14:34:16.424 [info] > git for-each-ref --format %(refname) %(objectname) %(*objectname) refs/tags [21ms]
2023-06-22 14:34:16.445 [info] > git status -z -uall [5ms]
2023-06-22 14:34:17.026 [info] > git status -z -uall [602ms]
2023-06-22 14:34:29.800 [info] > git check-ignore -v -z --stdin [3ms]
2023-06-22 14:34:30.740 [info] > git check-ignore -v -z --stdin [2ms]
2023-06-22 14:34:34.113 [info] > git check-ignore -v -z --stdin [2ms]
2023-06-22 14:34:36.519 [info] > git check-ignore -v -z --stdin [3ms]
2023-06-22 14:34:38.534 [info] > git check-ignore -v -z --stdin [3ms]
2023-06-22 14:51:09.113 [info] > git config --get commit.template [126ms]
2023-06-22 14:51:09.225 [info] > git config --get commit.template [255ms]
2023-06-22 14:51:09.245 [info] > git for-each-ref --format %(refname) %(objectname) %(*objectname) refs/tags [5ms]
2023-06-22 14:51:09.294 [info] > git for-each-ref --format=%(refname)%00%(upstream:short)%00%(objectname)%00%(upstream:track)%00%(upstream:remotename)%00%(upstream:remoteref) refs/heads/master refs/remotes/master [182ms]
2023-06-22 14:51:09.343 [info] > git status -z -uall [83ms]
2023-06-22 14:51:11.222 [info] > git status -z -uall [1911ms]
2023-06-22 15:04:04.548 [info] > git check-ignore -v -z --stdin [31ms]
2023-06-22 15:04:07.538 [info] > git check-ignore -v -z --stdin [3ms]
2023-06-22 15:04:14.731 [info] > git check-ignore -v -z --stdin [2ms]
2023-06-22 15:04:16.967 [info] > git check-ignore -v -z --stdin [3ms]
2023-06-22 15:04:18.766 [info] > git check-ignore -v -z --stdin [3ms]
2023-06-22 15:04:20.167 [info] > git check-ignore -v -z --stdin [2ms]
2023-06-22 15:04:23.072 [info] > git check-ignore -v -z --stdin [3ms]
2023-06-22 15:04:24.861 [info] > git check-ignore -v -z --stdin [3ms]
2023-06-22 15:04:37.001 [info] > git check-ignore -v -z --stdin [3ms]
2023-06-22 15:04:52.003 [info] > git check-ignore -v -z --stdin [3ms]
2023-06-22 15:04:55.088 [info] > git check-ignore -v -z --stdin [3ms]
