2023-06-16 13:53:46.512 [info] Log level: Info
2023-06-16 13:53:46.512 [info] Validating found git in: "git"
2023-06-16 13:53:46.512 [info] Using git "2.17.1" from "git"
2023-06-16 13:53:46.512 [info] > git rev-parse --show-toplevel [15ms]
2023-06-16 13:53:46.512 [info] > git rev-parse --git-dir --git-common-dir [3ms]
2023-06-16 13:53:46.512 [info] Open repository: /home/nvidia/jetson-inference
2023-06-16 13:53:46.512 [info] > git rev-parse --show-toplevel [16ms]
2023-06-16 13:53:46.512 [info] > git config --get commit.template [16ms]
2023-06-16 13:53:46.512 [info] > git rev-parse --show-toplevel [9ms]
2023-06-16 13:53:46.514 [info] > git rev-parse --show-toplevel [20ms]
2023-06-16 13:53:46.526 [info] > git for-each-ref --format=%(refname)%00%(upstream:short)%00%(objectname)%00%(upstream:track)%00%(upstream:remotename)%00%(upstream:remoteref) refs/heads/master refs/remotes/master [21ms]
2023-06-16 13:53:46.560 [info] > git rev-parse --show-toplevel [36ms]
2023-06-16 13:53:46.574 [info] > git rev-parse --show-toplevel [3ms]
2023-06-16 13:53:46.691 [info] > git rev-parse --show-toplevel [21ms]
2023-06-16 13:53:46.707 [info] > git rev-parse --show-toplevel [5ms]
2023-06-16 13:53:46.727 [info] > git rev-parse --show-toplevel [10ms]
2023-06-16 13:53:46.741 [info] > git rev-parse --git-dir --git-common-dir [3ms]
2023-06-16 13:53:46.754 [info] Open repository: /home/nvidia/jetson-inference/ros
2023-06-16 13:53:46.781 [info] > git rev-parse --show-toplevel [16ms]
2023-06-16 13:53:46.796 [info] > git config --get commit.template [15ms]
2023-06-16 13:53:46.810 [info] > git rev-parse --show-toplevel [18ms]
2023-06-16 13:53:46.821 [info] > git for-each-ref --format %(refname) %(objectname) %(*objectname) refs/tags [14ms]
2023-06-16 13:53:46.834 [info] > git rev-parse --git-dir --git-common-dir [15ms]
2023-06-16 13:53:46.849 [info] Open repository: /home/nvidia/jetson-inference/utils
2023-06-16 13:53:46.881 [info] > git config --get commit.template [9ms]
2023-06-16 13:53:46.895 [info] > git status -z -uall [62ms]
2023-06-16 13:53:46.937 [info] > git for-each-ref --format %(refname) %(objectname) %(*objectname) refs/tags [44ms]
2023-06-16 13:53:46.952 [info] > git config --get commit.template [15ms]
2023-06-16 13:53:46.972 [info] > git for-each-ref --format %(refname) %(objectname) %(*objectname) refs/tags [4ms]
2023-06-16 13:53:46.991 [info] > git status -z -uall [9ms]
2023-06-16 13:53:47.041 [info] > git status -z -uall [91ms]
2023-06-16 13:53:47.078 [info] > git config --get commit.template [12ms]
2023-06-16 13:53:47.079 [info] > git for-each-ref --format %(refname) %(objectname) %(*objectname) refs/tags [3ms]
2023-06-16 13:53:47.134 [info] > git status -z -uall [44ms]
2023-06-16 13:53:47.497 [info] > git check-ignore -v -z --stdin [28ms]
2023-06-16 13:53:47.501 [info] > git check-ignore -v -z --stdin [19ms]
2023-06-16 13:53:47.502 [info] > git check-ignore -v -z --stdin [9ms]
2023-06-16 13:53:48.095 [info] > git status -z -uall [1555ms]
2023-06-16 13:53:48.135 [info] > git config --get commit.template [14ms]
2023-06-16 13:53:48.136 [info] > git for-each-ref --format=%(refname)%00%(upstream:short)%00%(objectname)%00%(upstream:track)%00%(upstream:remotename)%00%(upstream:remoteref) refs/heads/master refs/remotes/master [4ms]
2023-06-16 13:53:48.617 [info] > git rev-parse --show-toplevel [2ms]
2023-06-16 13:53:48.630 [info] > git rev-parse --git-dir --git-common-dir [3ms]
2023-06-16 13:53:48.645 [info] Open repository: /home/nvidia/jetson-inference/tools/camera-capture
2023-06-16 13:53:48.670 [info] > git rev-parse --show-toplevel [14ms]
2023-06-16 13:53:48.683 [info] > git config --get commit.template [16ms]
2023-06-16 13:53:48.696 [info] > git rev-parse --git-dir --git-common-dir [14ms]
2023-06-16 13:53:48.709 [info] Open repository: /home/nvidia/jetson-inference/python/training/classification
2023-06-16 13:53:48.742 [info] > git for-each-ref --format %(refname) %(objectname) %(*objectname) refs/tags [48ms]
2023-06-16 13:53:48.758 [info] > git config --get commit.template [25ms]
2023-06-16 13:53:48.758 [info] > git rev-parse --show-toplevel [37ms]
2023-06-16 13:53:48.771 [info] > git status -z -uall [624ms]
2023-06-16 13:53:48.771 [info] > git status -z -uall [19ms]
2023-06-16 13:53:48.813 [info] > git rev-parse --git-dir --git-common-dir [44ms]
2023-06-16 13:53:48.824 [info] Open repository: /home/nvidia/jetson-inference/python/training/detection
2023-06-16 13:53:48.849 [info] > git config --get commit.template [38ms]
2023-06-16 13:53:48.850 [info] > git for-each-ref --format %(refname) %(objectname) %(*objectname) refs/tags [50ms]
2023-06-16 13:53:48.869 [info] > git status -z -uall [8ms]
2023-06-16 13:53:48.869 [info] > git config --get commit.template [22ms]
2023-06-16 13:53:48.870 [info] > git rev-parse --show-toplevel [33ms]
2023-06-16 13:53:48.926 [info] > git rev-parse --git-dir --git-common-dir [45ms]
2023-06-16 13:53:48.937 [info] Open repository: /home/nvidia/jetson-inference/python/training/segmentation
2023-06-16 13:53:48.996 [info] > git rev-parse --show-toplevel [48ms]
2023-06-16 13:53:49.007 [info] > git for-each-ref --format %(refname) %(objectname) %(*objectname) refs/tags [84ms]
2023-06-16 13:53:49.022 [info] > git status -z -uall [5ms]
2023-06-16 13:53:49.022 [info] > git rev-parse --git-dir --git-common-dir [16ms]
2023-06-16 13:53:49.035 [info] Open repository: /home/nvidia/jetson-inference/c/plugins/pose
2023-06-16 13:53:49.048 [info] > git config --get commit.template [54ms]
2023-06-16 13:53:49.049 [info] > git config --get commit.template [65ms]
2023-06-16 13:53:49.049 [info] > git for-each-ref --format %(refname) %(objectname) %(*objectname) refs/tags [77ms]
2023-06-16 13:53:49.130 [info] > git status -z -uall [71ms]
2023-06-16 13:53:49.131 [info] > git rev-parse --show-toplevel [84ms]
2023-06-16 13:53:49.171 [info] > git rev-parse --git-dir --git-common-dir [29ms]
2023-06-16 13:53:49.188 [info] Open repository: /home/nvidia/jetson-inference/docker/containers
2023-06-16 13:53:49.190 [info] > git config --get commit.template [60ms]
2023-06-16 13:53:49.232 [info] > git for-each-ref --format %(refname) %(objectname) %(*objectname) refs/tags [64ms]
2023-06-16 13:53:49.243 [info] > git for-each-ref --format %(refname) %(objectname) %(*objectname) refs/tags [85ms]
2023-06-16 13:53:49.270 [info] > git status -z -uall [28ms]
2023-06-16 13:53:49.271 [info] > git status -z -uall [16ms]
2023-06-16 13:53:49.275 [info] > git config --get commit.template [50ms]
2023-06-16 13:53:49.275 [info] > git config --get commit.template [61ms]
2023-06-16 13:53:49.277 [info] > git for-each-ref --format %(refname) %(objectname) %(*objectname) refs/tags [11ms]
2023-06-16 13:53:49.352 [info] > git status -z -uall [64ms]
2023-06-16 13:53:49.376 [info] > git config --get commit.template [36ms]
2023-06-16 13:53:49.377 [info] > git for-each-ref --format %(refname) %(objectname) %(*objectname) refs/tags [47ms]
2023-06-16 13:53:49.389 [info] > git for-each-ref --format %(refname) %(objectname) %(*objectname) refs/tags [71ms]
2023-06-16 13:53:49.445 [info] > git status -z -uall [56ms]
2023-06-16 13:53:49.445 [info] > git status -z -uall [45ms]
2023-06-16 13:53:49.445 [info] > git check-ignore -v -z --stdin [32ms]
2023-06-16 13:53:49.447 [info] > git check-ignore -v -z --stdin [22ms]
2023-06-16 13:53:49.447 [info] > git check-ignore -v -z --stdin [12ms]
2023-06-16 13:53:49.462 [info] > git config --get commit.template [88ms]
2023-06-16 13:53:49.511 [info] > git for-each-ref --format %(refname) %(objectname) %(*objectname) refs/tags [38ms]
2023-06-16 13:53:49.525 [info] > git for-each-ref --format %(refname) %(objectname) %(*objectname) refs/tags [23ms]
2023-06-16 13:53:49.537 [info] > git config --get commit.template [53ms]
2023-06-16 13:53:49.552 [info] > git status -z -uall [30ms]
2023-06-16 13:53:49.552 [info] > git status -z -uall [16ms]
2023-06-16 13:53:49.558 [info] > git for-each-ref --format %(refname) %(objectname) %(*objectname) refs/tags [8ms]
2023-06-16 13:53:49.579 [info] > git status -z -uall [10ms]
2023-06-16 13:53:49.975 [info] > git rev-parse --show-toplevel [2ms]
2023-06-16 13:53:49.989 [info] > git rev-parse --git-dir --git-common-dir [2ms]
2023-06-16 13:53:50.001 [info] Open repository: /home/nvidia/jetson-inference/python/training/detection/ssd
2023-06-16 13:53:50.053 [info] > git check-ignore -v -z --stdin [40ms]
2023-06-16 13:53:50.055 [info] > git check-ignore -v -z --stdin [31ms]
2023-06-16 13:53:50.056 [info] > git check-ignore -v -z --stdin [20ms]
2023-06-16 13:53:50.058 [info] > git config --get commit.template [8ms]
2023-06-16 13:53:50.073 [info] > git for-each-ref --format %(refname) %(objectname) %(*objectname) refs/tags [3ms]
2023-06-16 13:53:50.094 [info] > git status -z -uall [10ms]
2023-06-16 13:53:50.128 [info] > git config --get commit.template [13ms]
2023-06-16 13:53:50.130 [info] > git for-each-ref --format %(refname) %(objectname) %(*objectname) refs/tags [3ms]
2023-06-16 13:53:50.150 [info] > git status -z -uall [9ms]
2023-06-16 13:53:50.628 [info] > git check-ignore -v -z --stdin [25ms]
2023-06-16 13:53:50.629 [info] > git check-ignore -v -z --stdin [16ms]
2023-06-16 13:53:50.630 [info] > git check-ignore -v -z --stdin [6ms]
2023-06-16 14:26:29.589 [info] > git check-ignore -v -z --stdin [5ms]
2023-06-16 14:26:33.189 [info] > git check-ignore -v -z --stdin [4ms]
2023-06-16 14:26:34.101 [info] > git ls-files --stage -- /home/nvidia/jetson-inference/examples/imagenet/imagenet.cpp [4ms]
2023-06-16 14:26:34.113 [info] > git show --textconv :examples/imagenet/imagenet.cpp [32ms]
2023-06-16 14:26:34.116 [info] > git cat-file -s d8783c21bc4edcc463eae3db3bb654584d9f919b [4ms]
2023-06-16 14:32:47.450 [info] > git check-ignore -v -z --stdin [3ms]
2023-06-16 14:32:48.821 [info] > git check-ignore -v -z --stdin [6ms]
