2023-06-22 13:13:08.549 [info] [Info  - 1:13:07 PM] (8441) Pylance language server 2023.6.20 (pyright 73165c50) starting
2023-06-22 13:13:08.585 [info] [Info  - 1:13:08 PM] (8441) Server root directory: /home/nvidia/.vscode-server/extensions/ms-python.vscode-pylance-2023.6.20/dist
2023-06-22 13:13:08.586 [info] [Info  - 1:13:08 PM] (8441) Starting service instance "nvidia"
2023-06-22 13:13:08.760 [info] [Info  - 1:13:08 PM] (8441) Setting pythonPath for service "nvidia": "/usr/bin/python3"
2023-06-22 13:13:08.761 [info] [Warn  - 1:13:08 PM] (8441) stubPath /home/nvidia/typings is not a valid directory.
2023-06-22 13:13:08.904 [info] [Info  - 1:13:08 PM] (8441) Assuming Python version 3.6
2023-06-22 13:13:09.964 [info] [Info  - 1:13:09 PM] (8441) Found 194 source files
2023-06-22 13:13:10.235 [info] [Info  - 1:13:10 PM] (8441) Skipping django stubs download because package is not installed.
2023-06-22 13:13:10.269 [info] [Info  - 1:13:10 PM] (8441) Background analysis(1) root directory: /home/nvidia/.vscode-server/extensions/ms-python.vscode-pylance-2023.6.20/dist
2023-06-22 13:13:10.270 [info] [Info  - 1:13:10 PM] (8441) Background analysis(1) started
2023-06-22 13:13:12.168 [info] [Info  - 1:13:12 PM] (8441) Indexer background runner(2) root directory: /home/nvidia/.vscode-server/extensions/ms-python.vscode-pylance-2023.6.20/dist (index)
2023-06-22 13:13:12.169 [info] [Info  - 1:13:12 PM] (8441) Indexing(2) started
2023-06-22 13:13:13.788 [info] [Info  - 1:13:13 PM] (8441) [BG(1)] Long operation: analyzing: /home/nvidia/my-recognition/my-recognition.py (3517ms)
2023-06-22 13:13:14.771 [info] [Info  - 1:13:14 PM] (8441) [IDX(2)] Long operation: scan packages /home/nvidia (2592ms)
2023-06-22 13:13:14.772 [info] [Info  - 1:13:14 PM] (8441) scanned(2) 195 files over 1 exec env
2023-06-22 13:13:15.495 [info] [Info  - 1:13:15 PM] (8441) indexed(2) 116 files over 1 exec env
2023-06-22 13:13:15.554 [info] [Info  - 1:13:15 PM] (8441) Indexing finished(2).
2023-06-22 13:41:53.120 [info] [Info  - 1:41:53 PM] (8441) Found 194 source files
2023-06-22 13:41:53.281 [info] [Info  - 1:41:53 PM] (8441) Skipping django stubs download because package is not installed.
2023-06-22 13:42:15.917 [info] [Info  - 1:42:15 PM] (8441) Found 194 source files
2023-06-22 13:42:16.015 [info] [Info  - 1:42:16 PM] (8441) Skipping django stubs download because package is not installed.
