2023-06-19 13:17:55.455 [info] Log level: Info
2023-06-19 13:17:55.455 [info] Validating found git in: "git"
2023-06-19 13:17:55.455 [info] Using git "2.17.1" from "git"
2023-06-19 13:17:55.455 [info] > git rev-parse --show-toplevel [113ms]
2023-06-19 13:17:55.455 [info] > git rev-parse --git-dir --git-common-dir [4ms]
2023-06-19 13:17:55.455 [info] Open repository: /home/nvidia/jetson-inference
2023-06-19 13:17:55.455 [info] > git rev-parse --show-toplevel [41ms]
2023-06-19 13:17:55.455 [info] > git rev-parse --show-toplevel [6ms]
2023-06-19 13:17:55.455 [info] > git config --get commit.template [51ms]
2023-06-19 13:17:55.455 [info] > git rev-parse --show-toplevel [8ms]
2023-06-19 13:17:55.455 [info] > git rev-parse --show-toplevel [18ms]
2023-06-19 13:17:55.455 [info] > git rev-parse --show-toplevel [6ms]
2023-06-19 13:17:55.455 [info] > git for-each-ref --format=%(refname)%00%(upstream:short)%00%(objectname)%00%(upstream:track)%00%(upstream:remotename)%00%(upstream:remoteref) refs/heads/master refs/remotes/master [39ms]
2023-06-19 13:17:55.455 [info] > git rev-parse --show-toplevel [26ms]
2023-06-19 13:17:55.455 [info] > git rev-parse --show-toplevel [59ms]
2023-06-19 13:17:55.455 [info] > git rev-parse --show-toplevel [5ms]
2023-06-19 13:17:55.455 [info] > git rev-parse --show-toplevel [5ms]
2023-06-19 13:17:55.455 [info] > git rev-parse --git-dir --git-common-dir [35ms]
2023-06-19 13:17:55.455 [info] Open repository: /home/nvidia/jetson-inference/ros
2023-06-19 13:17:55.455 [info] > git rev-parse --show-toplevel [14ms]
2023-06-19 13:17:55.455 [info] > git config --get commit.template [16ms]
2023-06-19 13:17:55.456 [info] > git rev-parse --show-toplevel [173ms]
2023-06-19 13:17:55.456 [info] > git for-each-ref --format %(refname) %(objectname) %(*objectname) refs/tags [167ms]
2023-06-19 13:17:55.456 [info] > git rev-parse --git-dir --git-common-dir [16ms]
2023-06-19 13:17:55.456 [info] Open repository: /home/nvidia/jetson-inference/utils
2023-06-19 13:17:55.456 [info] > git config --get commit.template [29ms]
2023-06-19 13:17:55.483 [info] > git for-each-ref --format %(refname) %(objectname) %(*objectname) refs/tags [50ms]
2023-06-19 13:17:55.747 [info] > git ls-files --stage -- /home/nvidia/jetson-inference/examples/imagenet/imagenet.cpp [3ms]
2023-06-19 13:17:55.759 [info] > git cat-file -s d8783c21bc4edcc463eae3db3bb654584d9f919b [3ms]
2023-06-19 13:17:55.766 [info] > git status -z -uall [430ms]
2023-06-19 13:17:55.806 [info] > git show --textconv :examples/imagenet/imagenet.cpp [75ms]
2023-06-19 13:17:55.812 [info] > git config --get commit.template [11ms]
2023-06-19 13:17:55.828 [info] > git for-each-ref --format %(refname) %(objectname) %(*objectname) refs/tags [4ms]
2023-06-19 13:17:55.843 [info] > git status -z -uall [6ms]
2023-06-19 13:17:55.962 [info] > git check-ignore -v -z --stdin [24ms]
2023-06-19 13:17:55.996 [info] > git check-ignore -v -z --stdin [47ms]
2023-06-19 13:17:56.020 [info] > git check-ignore -v -z --stdin [95ms]
2023-06-19 13:17:58.303 [info] > git status -z -uall [2809ms]
2023-06-19 13:17:58.339 [info] > git config --get commit.template [13ms]
2023-06-19 13:17:58.341 [info] > git for-each-ref --format %(refname) %(objectname) %(*objectname) refs/tags [3ms]
2023-06-19 13:17:58.399 [info] > git status -z -uall [48ms]
2023-06-19 13:17:59.084 [info] > git status -z -uall [253620796ms]
2023-06-19 13:17:59.138 [info] > git for-each-ref --format=%(refname)%00%(upstream:short)%00%(objectname)%00%(upstream:track)%00%(upstream:remotename)%00%(upstream:remoteref) refs/heads/master refs/remotes/master [4ms]
2023-06-19 13:17:59.139 [info] > git config --get commit.template [23ms]
2023-06-19 13:17:59.613 [info] > git rev-parse --show-toplevel [2ms]
2023-06-19 13:17:59.625 [info] > git rev-parse --git-dir --git-common-dir [2ms]
2023-06-19 13:17:59.640 [info] Open repository: /home/nvidia/jetson-inference/tools/camera-capture
2023-06-19 13:17:59.669 [info] > git rev-parse --show-toplevel [15ms]
2023-06-19 13:17:59.683 [info] > git config --get commit.template [16ms]
2023-06-19 13:17:59.703 [info] > git rev-parse --git-dir --git-common-dir [22ms]
2023-06-19 13:17:59.716 [info] Open repository: /home/nvidia/jetson-inference/python/training/classification
2023-06-19 13:17:59.745 [info] > git for-each-ref --format %(refname) %(objectname) %(*objectname) refs/tags [44ms]
2023-06-19 13:17:59.760 [info] > git status -z -uall [5ms]
2023-06-19 13:17:59.760 [info] > git config --get commit.template [17ms]
2023-06-19 13:17:59.761 [info] > git rev-parse --show-toplevel [31ms]
2023-06-19 13:17:59.804 [info] > git rev-parse --git-dir --git-common-dir [33ms]
2023-06-19 13:17:59.817 [info] Open repository: /home/nvidia/jetson-inference/python/training/detection
2023-06-19 13:17:59.852 [info] > git status -z -uall [699ms]
2023-06-19 13:17:59.853 [info] > git for-each-ref --format %(refname) %(objectname) %(*objectname) refs/tags [54ms]
2023-06-19 13:17:59.881 [info] > git status -z -uall [13ms]
2023-06-19 13:17:59.902 [info] > git config --get commit.template [51ms]
2023-06-19 13:17:59.903 [info] > git config --get commit.template [62ms]
2023-06-19 13:17:59.903 [info] > git rev-parse --show-toplevel [74ms]
2023-06-19 13:17:59.956 [info] > git config --get commit.template [18ms]
2023-06-19 13:17:59.957 [info] > git for-each-ref --format %(refname) %(objectname) %(*objectname) refs/tags [30ms]
2023-06-19 13:17:59.969 [info] > git rev-parse --git-dir --git-common-dir [55ms]
2023-06-19 13:17:59.981 [info] Open repository: /home/nvidia/jetson-inference/python/training/segmentation
2023-06-19 13:18:00.006 [info] > git status -z -uall [39ms]
2023-06-19 13:18:00.011 [info] > git for-each-ref --format %(refname) %(objectname) %(*objectname) refs/tags [58ms]
2023-06-19 13:18:00.039 [info] > git config --get commit.template [35ms]
2023-06-19 13:18:00.040 [info] > git rev-parse --show-toplevel [46ms]
2023-06-19 13:18:00.053 [info] > git status -z -uall [29ms]
2023-06-19 13:18:00.053 [info] > git for-each-ref --format %(refname) %(objectname) %(*objectname) refs/tags [18ms]
2023-06-19 13:18:00.102 [info] > git status -z -uall [38ms]
2023-06-19 13:18:00.107 [info] > git rev-parse --git-dir --git-common-dir [57ms]
2023-06-19 13:18:00.119 [info] Open repository: /home/nvidia/jetson-inference/c/plugins/pose
2023-06-19 13:18:00.147 [info] > git config --get commit.template [47ms]
2023-06-19 13:18:00.148 [info] > git for-each-ref --format %(refname) %(objectname) %(*objectname) refs/tags [59ms]
2023-06-19 13:18:00.163 [info] > git config --get commit.template [18ms]
2023-06-19 13:18:00.163 [info] > git rev-parse --show-toplevel [32ms]
2023-06-19 13:18:00.185 [info] > git status -z -uall [26ms]
2023-06-19 13:18:00.224 [info] > git for-each-ref --format %(refname) %(objectname) %(*objectname) refs/tags [40ms]
2023-06-19 13:18:00.235 [info] > git rev-parse --git-dir --git-common-dir [62ms]
2023-06-19 13:18:00.259 [info] Open repository: /home/nvidia/jetson-inference/docker/containers
2023-06-19 13:18:00.275 [info] > git status -z -uall [40ms]
2023-06-19 13:18:00.280 [info] > git config --get commit.template [58ms]
2023-06-19 13:18:00.281 [info] > git for-each-ref --format %(refname) %(objectname) %(*objectname) refs/tags [70ms]
2023-06-19 13:18:00.294 [info] > git config --get commit.template [22ms]
2023-06-19 13:18:00.322 [info] > git status -z -uall [30ms]
2023-06-19 13:18:00.347 [info] > git for-each-ref --format %(refname) %(objectname) %(*objectname) refs/tags [26ms]
2023-06-19 13:18:00.358 [info] > git for-each-ref --format %(refname) %(objectname) %(*objectname) refs/tags [51ms]
2023-06-19 13:18:00.374 [info] > git status -z -uall [16ms]
2023-06-19 13:18:00.374 [info] > git status -z -uall [5ms]
2023-06-19 13:18:00.387 [info] > git config --get commit.template [42ms]
2023-06-19 13:18:00.445 [info] > git config --get commit.template [45ms]
2023-06-19 13:18:00.448 [info] > git check-ignore -v -z --stdin [18ms]
2023-06-19 13:18:00.451 [info] > git for-each-ref --format %(refname) %(objectname) %(*objectname) refs/tags [8ms]
2023-06-19 13:18:00.475 [info] > git status -z -uall [14ms]
2023-06-19 13:18:00.486 [info] > git for-each-ref --format %(refname) %(objectname) %(*objectname) refs/tags [13ms]
2023-06-19 13:18:00.515 [info] > git status -z -uall [18ms]
2023-06-19 13:18:00.792 [info] > git rev-parse --show-toplevel [3ms]
2023-06-19 13:18:00.807 [info] > git rev-parse --git-dir --git-common-dir [3ms]
2023-06-19 13:18:00.825 [info] Open repository: /home/nvidia/jetson-inference/python/training/detection/ssd
2023-06-19 13:18:00.854 [info] > git config --get commit.template [15ms]
2023-06-19 13:18:00.855 [info] > git for-each-ref --format %(refname) %(objectname) %(*objectname) refs/tags [4ms]
2023-06-19 13:18:00.879 [info] > git status -z -uall [12ms]
2023-06-19 13:18:00.906 [info] > git config --get commit.template [3ms]
2023-06-19 13:18:00.922 [info] > git for-each-ref --format %(refname) %(objectname) %(*objectname) refs/tags [6ms]
2023-06-19 13:18:00.942 [info] > git status -z -uall [10ms]
2023-06-19 13:18:01.047 [info] > git check-ignore -v -z --stdin [7ms]
2023-06-19 13:18:29.416 [info] > git check-ignore -v -z --stdin [26ms]
2023-06-19 13:18:29.418 [info] > git check-ignore -v -z --stdin [16ms]
2023-06-19 13:18:29.419 [info] > git check-ignore -v -z --stdin [7ms]
2023-06-19 13:24:52.951 [info] > git config --get commit.template [12ms]
2023-06-19 13:24:52.952 [info] > git config --get commit.template [4ms]
2023-06-19 13:24:52.973 [info] > git for-each-ref --format=%(refname)%00%(upstream:short)%00%(objectname)%00%(upstream:track)%00%(upstream:remotename)%00%(upstream:remoteref) refs/heads/master refs/remotes/master [11ms]
2023-06-19 13:24:52.984 [info] > git for-each-ref --format %(refname) %(objectname) %(*objectname) refs/tags [13ms]
2023-06-19 13:24:52.999 [info] > git status -z -uall [4ms]
2023-06-19 13:24:53.584 [info] > git status -z -uall [601ms]
2023-06-19 13:25:18.359 [info] > git config --get commit.template [13ms]
2023-06-19 13:25:18.362 [info] > git config --get commit.template [4ms]
2023-06-19 13:25:18.386 [info] > git for-each-ref --format=%(refname)%00%(upstream:short)%00%(objectname)%00%(upstream:track)%00%(upstream:remotename)%00%(upstream:remoteref) refs/heads/master refs/remotes/master [14ms]
2023-06-19 13:25:18.399 [info] > git for-each-ref --format %(refname) %(objectname) %(*objectname) refs/tags [14ms]
2023-06-19 13:25:18.414 [info] > git status -z -uall [4ms]
2023-06-19 13:25:19.013 [info] > git status -z -uall [615ms]
2023-06-19 13:25:43.388 [info] > git config --get commit.template [13ms]
2023-06-19 13:25:43.414 [info] > git for-each-ref --format=%(refname)%00%(upstream:short)%00%(objectname)%00%(upstream:track)%00%(upstream:remotename)%00%(upstream:remoteref) refs/heads/master refs/remotes/master [13ms]
2023-06-19 13:25:43.428 [info] > git config --get commit.template [42ms]
2023-06-19 13:25:43.430 [info] > git for-each-ref --format %(refname) %(objectname) %(*objectname) refs/tags [18ms]
2023-06-19 13:25:43.449 [info] > git status -z -uall [8ms]
2023-06-19 13:25:44.046 [info] > git status -z -uall [618ms]
2023-06-19 13:26:25.224 [info] > git config --get commit.template [14ms]
2023-06-19 13:26:25.248 [info] > git config --get commit.template [26ms]
2023-06-19 13:26:25.249 [info] > git for-each-ref --format=%(refname)%00%(upstream:short)%00%(objectname)%00%(upstream:track)%00%(upstream:remotename)%00%(upstream:remoteref) refs/heads/master refs/remotes/master [14ms]
2023-06-19 13:26:25.262 [info] > git for-each-ref --format %(refname) %(objectname) %(*objectname) refs/tags [14ms]
2023-06-19 13:26:25.278 [info] > git status -z -uall [4ms]
2023-06-19 13:26:25.870 [info] > git status -z -uall [610ms]
2023-06-19 13:29:05.829 [info] > git config --get commit.template [81ms]
2023-06-19 13:29:05.899 [info] > git config --get commit.template [136ms]
2023-06-19 13:29:05.945 [info] > git for-each-ref --format %(refname) %(objectname) %(*objectname) refs/tags [35ms]
2023-06-19 13:29:06.351 [info] > git for-each-ref --format=%(refname)%00%(upstream:short)%00%(objectname)%00%(upstream:track)%00%(upstream:remotename)%00%(upstream:remoteref) refs/heads/master refs/remotes/master [454ms]
2023-06-19 13:29:06.951 [info] > git status -z -uall [994ms]
2023-06-19 13:29:17.389 [info] > git config --get commit.template [143ms]
2023-06-19 13:29:17.452 [info] > git for-each-ref --format %(refname) %(objectname) %(*objectname) refs/tags [193ms]
2023-06-19 13:29:17.842 [info] > git status -z -uall [379ms]
2023-06-19 13:29:24.637 [info] > git status -z -uall [17936ms]
2023-06-19 13:30:02.269 [info] > git config --get commit.template [12ms]
2023-06-19 13:30:02.293 [info] > git config --get commit.template [26ms]
2023-06-19 13:30:02.294 [info] > git for-each-ref --format=%(refname)%00%(upstream:short)%00%(objectname)%00%(upstream:track)%00%(upstream:remotename)%00%(upstream:remoteref) refs/heads/master refs/remotes/master [14ms]
2023-06-19 13:30:02.307 [info] > git for-each-ref --format %(refname) %(objectname) %(*objectname) refs/tags [14ms]
2023-06-19 13:30:02.325 [info] > git status -z -uall [6ms]
2023-06-19 13:30:03.036 [info] > git status -z -uall [731ms]
2023-06-19 13:31:51.921 [info] > git check-ignore -v -z --stdin [4ms]
2023-06-19 13:31:53.597 [info] > git check-ignore -v -z --stdin [26ms]
2023-06-19 13:31:53.598 [info] > git check-ignore -v -z --stdin [16ms]
2023-06-19 13:31:53.599 [info] > git check-ignore -v -z --stdin [4ms]
2023-06-19 13:31:54.751 [info] > git check-ignore -v -z --stdin [3ms]
2023-06-19 13:31:55.510 [info] > git check-ignore -v -z --stdin [3ms]
2023-06-19 13:31:57.134 [info] > git check-ignore -v -z --stdin [2ms]
2023-06-19 13:31:58.476 [info] > git check-ignore -v -z --stdin [2ms]
2023-06-19 13:32:01.804 [info] > git check-ignore -v -z --stdin [3ms]
2023-06-19 13:32:06.996 [info] > git check-ignore -v -z --stdin [4ms]
2023-06-19 13:36:04.184 [info] > git show --textconv :data/cat_dog/labels.txt [14ms]
2023-06-19 13:36:04.187 [info] > git ls-files --stage -- /home/nvidia/jetson-inference/python/training/classification/data/cat_dog/labels.txt [3ms]
2023-06-19 13:37:42.758 [info] > git check-ignore -v -z --stdin [3ms]
2023-06-19 13:37:44.447 [info] > git check-ignore -v -z --stdin [3ms]
2023-06-19 13:37:46.122 [info] > git check-ignore -v -z --stdin [3ms]
2023-06-19 13:38:14.403 [info] > git check-ignore -v -z --stdin [3ms]
2023-06-19 13:38:18.723 [info] > git check-ignore -v -z --stdin [3ms]
2023-06-19 13:38:44.815 [info] > git check-ignore -v -z --stdin [3ms]
2023-06-19 13:39:25.729 [info] > git check-ignore -v -z --stdin [5ms]
2023-06-19 13:45:13.308 [info] > git config --get commit.template [30ms]
2023-06-19 13:45:13.352 [info] > git for-each-ref --format=%(refname)%00%(upstream:short)%00%(objectname)%00%(upstream:track)%00%(upstream:remotename)%00%(upstream:remoteref) refs/heads/master refs/remotes/master [46ms]
2023-06-19 13:45:18.380 [info] > git status -z -uall [5014ms]
2023-06-19 13:50:17.760 [info] > git config --get commit.template [12ms]
2023-06-19 13:50:17.762 [info] > git config --get commit.template [4ms]
2023-06-19 13:50:17.786 [info] > git for-each-ref --format=%(refname)%00%(upstream:short)%00%(objectname)%00%(upstream:track)%00%(upstream:remotename)%00%(upstream:remoteref) refs/heads/master refs/remotes/master [14ms]
2023-06-19 13:50:17.798 [info] > git for-each-ref --format %(refname) %(objectname) %(*objectname) refs/tags [13ms]
2023-06-19 13:50:17.815 [info] > git status -z -uall [7ms]
2023-06-19 13:50:19.781 [info] > git status -z -uall [1985ms]
2023-06-19 14:03:03.651 [info] > git config --get commit.template [26ms]
2023-06-19 14:03:03.659 [info] > git config --get commit.template [160ms]
2023-06-19 14:03:03.731 [info] > git for-each-ref --format %(refname) %(objectname) %(*objectname) refs/tags [18ms]
2023-06-19 14:03:03.866 [info] > git for-each-ref --format=%(refname)%00%(upstream:short)%00%(objectname)%00%(upstream:track)%00%(upstream:remotename)%00%(upstream:remoteref) refs/heads/master refs/remotes/master [166ms]
2023-06-19 14:03:03.936 [info] > git status -z -uall [195ms]
2023-06-19 14:03:08.194 [info] > git status -z -uall [4313ms]
2023-06-19 14:09:51.805 [info] > git config --get commit.template [49ms]
2023-06-19 14:09:51.816 [info] > git config --get commit.template [145ms]
2023-06-19 14:09:52.121 [info] > git for-each-ref --format=%(refname)%00%(upstream:short)%00%(objectname)%00%(upstream:track)%00%(upstream:remotename)%00%(upstream:remoteref) refs/heads/master refs/remotes/master [282ms]
2023-06-19 14:09:52.299 [info] > git for-each-ref --format %(refname) %(objectname) %(*objectname) refs/tags [199ms]
2023-06-19 14:09:52.412 [info] > git status -z -uall [102ms]
2023-06-19 14:09:55.940 [info] > git status -z -uall [3787ms]
2023-06-19 14:10:52.358 [info] > git check-ignore -v -z --stdin [33ms]
2023-06-19 14:11:00.397 [info] > git check-ignore -v -z --stdin [2ms]
2023-06-19 14:16:35.427 [info] > git config --get commit.template [49ms]
2023-06-19 14:16:35.481 [info] > git for-each-ref --format=%(refname)%00%(upstream:short)%00%(objectname)%00%(upstream:track)%00%(upstream:remotename)%00%(upstream:remoteref) refs/heads/master refs/remotes/master [86ms]
2023-06-19 14:16:37.097 [info] > git config --get commit.template [40ms]
2023-06-19 14:16:37.161 [info] > git check-ignore -v -z --stdin [126ms]
2023-06-19 14:16:37.181 [info] > git for-each-ref --format %(refname) %(objectname) %(*objectname) refs/tags [88ms]
2023-06-19 14:16:37.532 [info] > git status -z -uall [338ms]
2023-06-19 14:16:38.974 [info] > git status -z -uall [3481ms]
